2017-08-09 14:17:42 Error: [Cake\Routing\Exception\MissingControllerException] Controller class Robots.txt could not be found.
Exception Attributes: array (
  'class' => 'Robots.txt',
  'plugin' => false,
  'prefix' => false,
  '_ext' => false,
)
Request URL: /robots.txt
Stack Trace:
#0 D:\Web\Stanley\UpworkTest\vendor\cakephp\cakephp\src\Http\ControllerFactory.php(65): Cake\Http\ControllerFactory->missingController(Object(Cake\Http\ServerRequest))
#1 D:\Web\Stanley\UpworkTest\vendor\cakephp\cakephp\src\Http\ActionDispatcher.php(90): Cake\Http\ControllerFactory->create(Object(Cake\Http\ServerRequest), Object(Cake\Http\Response))
#2 D:\Web\Stanley\UpworkTest\vendor\cakephp\cakephp\src\Http\BaseApplication.php(78): Cake\Http\ActionDispatcher->dispatch(Object(Cake\Http\ServerRequest), Object(Cake\Http\Response))
#3 D:\Web\Stanley\UpworkTest\vendor\cakephp\cakephp\src\Http\Runner.php(65): Cake\Http\BaseApplication->__invoke(Object(Cake\Http\ServerRequest), Object(Cake\Http\Response), Object(Cake\Http\Runner))
#4 D:\Web\Stanley\UpworkTest\vendor\cakephp\cakephp\src\Routing\Middleware\RoutingMiddleware.php(59): Cake\Http\Runner->__invoke(Object(Cake\Http\ServerRequest), Object(Cake\Http\Response))
#5 D:\Web\Stanley\UpworkTest\vendor\cakephp\cakephp\src\Http\Runner.php(65): Cake\Routing\Middleware\RoutingMiddleware->__invoke(Object(Cake\Http\ServerRequest), Object(Cake\Http\Response), Object(Cake\Http\Runner))
#6 D:\Web\Stanley\UpworkTest\vendor\cakephp\cakephp\src\Routing\Middleware\AssetMiddleware.php(93): Cake\Http\Runner->__invoke(Object(Cake\Http\ServerRequest), Object(Cake\Http\Response))
#7 D:\Web\Stanley\UpworkTest\vendor\cakephp\cakephp\src\Http\Runner.php(65): Cake\Routing\Middleware\AssetMiddleware->__invoke(Object(Cake\Http\ServerRequest), Object(Cake\Http\Response), Object(Cake\Http\Runner))
#8 D:\Web\Stanley\UpworkTest\vendor\cakephp\cakephp\src\Error\Middleware\ErrorHandlerMiddleware.php(92): Cake\Http\Runner->__invoke(Object(Cake\Http\ServerRequest), Object(Cake\Http\Response))
#9 D:\Web\Stanley\UpworkTest\vendor\cakephp\cakephp\src\Http\Runner.php(65): Cake\Error\Middleware\ErrorHandlerMiddleware->__invoke(Object(Cake\Http\ServerRequest), Object(Cake\Http\Response), Object(Cake\Http\Runner))
#10 D:\Web\Stanley\UpworkTest\vendor\cakephp\debug_kit\src\Middleware\DebugKitMiddleware.php(52): Cake\Http\Runner->__invoke(Object(Cake\Http\ServerRequest), Object(Cake\Http\Response))
#11 D:\Web\Stanley\UpworkTest\vendor\cakephp\cakephp\src\Http\Runner.php(65): DebugKit\Middleware\DebugKitMiddleware->__invoke(Object(Cake\Http\ServerRequest), Object(Cake\Http\Response), Object(Cake\Http\Runner))
#12 D:\Web\Stanley\UpworkTest\vendor\cakephp\cakephp\src\Http\Runner.php(51): Cake\Http\Runner->__invoke(Object(Cake\Http\ServerRequest), Object(Cake\Http\Response))
#13 D:\Web\Stanley\UpworkTest\vendor\cakephp\cakephp\src\Http\Server.php(80): Cake\Http\Runner->run(Object(Cake\Http\MiddlewareQueue), Object(Cake\Http\ServerRequest), Object(Cake\Http\Response))
#14 D:\Web\Stanley\UpworkTest\webroot\index.php(37): Cake\Http\Server->run()
#15 {main}


2017-08-09 15:51:00 Error: [Cake\Routing\Exception\MissingControllerException] Controller class Robots.txt could not be found.
Exception Attributes: array (
  'class' => 'Robots.txt',
  'plugin' => false,
  'prefix' => false,
  '_ext' => false,
)
Request URL: /robots.txt
Stack Trace:
#0 D:\Web\Stanley\UpworkTest\vendor\cakephp\cakephp\src\Http\ControllerFactory.php(65): Cake\Http\ControllerFactory->missingController(Object(Cake\Http\ServerRequest))
#1 D:\Web\Stanley\UpworkTest\vendor\cakephp\cakephp\src\Http\ActionDispatcher.php(90): Cake\Http\ControllerFactory->create(Object(Cake\Http\ServerRequest), Object(Cake\Http\Response))
#2 D:\Web\Stanley\UpworkTest\vendor\cakephp\cakephp\src\Http\BaseApplication.php(78): Cake\Http\ActionDispatcher->dispatch(Object(Cake\Http\ServerRequest), Object(Cake\Http\Response))
#3 D:\Web\Stanley\UpworkTest\vendor\cakephp\cakephp\src\Http\Runner.php(65): Cake\Http\BaseApplication->__invoke(Object(Cake\Http\ServerRequest), Object(Cake\Http\Response), Object(Cake\Http\Runner))
#4 D:\Web\Stanley\UpworkTest\vendor\cakephp\cakephp\src\Routing\Middleware\RoutingMiddleware.php(59): Cake\Http\Runner->__invoke(Object(Cake\Http\ServerRequest), Object(Cake\Http\Response))
#5 D:\Web\Stanley\UpworkTest\vendor\cakephp\cakephp\src\Http\Runner.php(65): Cake\Routing\Middleware\RoutingMiddleware->__invoke(Object(Cake\Http\ServerRequest), Object(Cake\Http\Response), Object(Cake\Http\Runner))
#6 D:\Web\Stanley\UpworkTest\vendor\cakephp\cakephp\src\Routing\Middleware\AssetMiddleware.php(93): Cake\Http\Runner->__invoke(Object(Cake\Http\ServerRequest), Object(Cake\Http\Response))
#7 D:\Web\Stanley\UpworkTest\vendor\cakephp\cakephp\src\Http\Runner.php(65): Cake\Routing\Middleware\AssetMiddleware->__invoke(Object(Cake\Http\ServerRequest), Object(Cake\Http\Response), Object(Cake\Http\Runner))
#8 D:\Web\Stanley\UpworkTest\vendor\cakephp\cakephp\src\Error\Middleware\ErrorHandlerMiddleware.php(92): Cake\Http\Runner->__invoke(Object(Cake\Http\ServerRequest), Object(Cake\Http\Response))
#9 D:\Web\Stanley\UpworkTest\vendor\cakephp\cakephp\src\Http\Runner.php(65): Cake\Error\Middleware\ErrorHandlerMiddleware->__invoke(Object(Cake\Http\ServerRequest), Object(Cake\Http\Response), Object(Cake\Http\Runner))
#10 D:\Web\Stanley\UpworkTest\vendor\cakephp\debug_kit\src\Middleware\DebugKitMiddleware.php(52): Cake\Http\Runner->__invoke(Object(Cake\Http\ServerRequest), Object(Cake\Http\Response))
#11 D:\Web\Stanley\UpworkTest\vendor\cakephp\cakephp\src\Http\Runner.php(65): DebugKit\Middleware\DebugKitMiddleware->__invoke(Object(Cake\Http\ServerRequest), Object(Cake\Http\Response), Object(Cake\Http\Runner))
#12 D:\Web\Stanley\UpworkTest\vendor\cakephp\cakephp\src\Http\Runner.php(51): Cake\Http\Runner->__invoke(Object(Cake\Http\ServerRequest), Object(Cake\Http\Response))
#13 D:\Web\Stanley\UpworkTest\vendor\cakephp\cakephp\src\Http\Server.php(80): Cake\Http\Runner->run(Object(Cake\Http\MiddlewareQueue), Object(Cake\Http\ServerRequest), Object(Cake\Http\Response))
#14 D:\Web\Stanley\UpworkTest\webroot\index.php(37): Cake\Http\Server->run()
#15 {main}


2017-08-10 13:03:51 Error: Fatal Error (4): syntax error, unexpected '$routes' (T_VARIABLE) in [D:\Web\Stanley\UpworkTest\config\routes.php, line 76]
Trace:
Cake\Error\BaseErrorHandler::handleFatalError() - CORE\src\Error\BaseErrorHandler.php, line 223
Cake\Error\BaseErrorHandler::Cake\Error\{closure}() - CORE\src\Error\BaseErrorHandler.php, line 105
[main] - [internal], line ??



2017-08-10 13:03:51 Error: Fatal Error (4): syntax error, unexpected '$routes' (T_VARIABLE) in [D:\Web\Stanley\UpworkTest\config\routes.php, line 76]
Trace:
Cake\Error\BaseErrorHandler::handleFatalError() - CORE\src\Error\BaseErrorHandler.php, line 223
Cake\Error\BaseErrorHandler::Cake\Error\{closure}() - CORE\src\Error\BaseErrorHandler.php, line 105
[main] - [internal], line ??



2017-08-10 13:03:55 Error: [Cake\Error\FatalErrorException] syntax error, unexpected '$routes' (T_VARIABLE) in D:\Web\Stanley\UpworkTest\config\routes.php on line 76
Stack Trace:
#0 D:\Web\Stanley\UpworkTest\vendor\cakephp\cakephp\src\Error\BaseErrorHandler.php(105): Cake\Error\BaseErrorHandler->handleFatalError(4, 'syntax error, u...', 'D:\\Web\\Stanley\\...', 76)
#1 [internal function]: Cake\Error\BaseErrorHandler->Cake\Error\{closure}()
#2 {main}


2017-08-10 13:03:55 Error: [Cake\Error\FatalErrorException] syntax error, unexpected '$routes' (T_VARIABLE) in D:\Web\Stanley\UpworkTest\config\routes.php on line 76
Stack Trace:
#0 D:\Web\Stanley\UpworkTest\vendor\cakephp\cakephp\src\Error\BaseErrorHandler.php(105): Cake\Error\BaseErrorHandler->handleFatalError(4, 'syntax error, u...', 'D:\\Web\\Stanley\\...', 76)
#1 [internal function]: Cake\Error\BaseErrorHandler->Cake\Error\{closure}()
#2 {main}


2017-08-10 13:03:55 Error: Fatal Error (4): syntax error, unexpected '$routes' (T_VARIABLE) in [D:\Web\Stanley\UpworkTest\config\routes.php, line 76]
Trace:
Cake\Error\BaseErrorHandler::handleFatalError() - CORE\src\Error\BaseErrorHandler.php, line 223
Cake\Error\BaseErrorHandler::Cake\Error\{closure}() - CORE\src\Error\BaseErrorHandler.php, line 105
[main] - [internal], line ??



2017-08-10 13:03:55 Error: [Cake\Error\FatalErrorException] syntax error, unexpected '$routes' (T_VARIABLE) in D:\Web\Stanley\UpworkTest\config\routes.php on line 76
Stack Trace:
#0 D:\Web\Stanley\UpworkTest\vendor\cakephp\cakephp\src\Error\BaseErrorHandler.php(105): Cake\Error\BaseErrorHandler->handleFatalError(4, 'syntax error, u...', 'D:\\Web\\Stanley\\...', 76)
#1 [internal function]: Cake\Error\BaseErrorHandler->Cake\Error\{closure}()
#2 {main}


2017-08-10 13:04:21 Error: [Cake\Routing\Exception\MissingControllerException] Controller class Robots.txt could not be found.
Exception Attributes: array (
  'class' => 'Robots.txt',
  'plugin' => false,
  'prefix' => false,
  '_ext' => false,
)
Request URL: /robots.txt
Stack Trace:
#0 D:\Web\Stanley\UpworkTest\vendor\cakephp\cakephp\src\Http\ControllerFactory.php(65): Cake\Http\ControllerFactory->missingController(Object(Cake\Http\ServerRequest))
#1 D:\Web\Stanley\UpworkTest\vendor\cakephp\cakephp\src\Http\ActionDispatcher.php(90): Cake\Http\ControllerFactory->create(Object(Cake\Http\ServerRequest), Object(Cake\Http\Response))
#2 D:\Web\Stanley\UpworkTest\vendor\cakephp\cakephp\src\Http\BaseApplication.php(78): Cake\Http\ActionDispatcher->dispatch(Object(Cake\Http\ServerRequest), Object(Cake\Http\Response))
#3 D:\Web\Stanley\UpworkTest\vendor\cakephp\cakephp\src\Http\Runner.php(65): Cake\Http\BaseApplication->__invoke(Object(Cake\Http\ServerRequest), Object(Cake\Http\Response), Object(Cake\Http\Runner))
#4 D:\Web\Stanley\UpworkTest\vendor\cakephp\cakephp\src\Routing\Middleware\RoutingMiddleware.php(59): Cake\Http\Runner->__invoke(Object(Cake\Http\ServerRequest), Object(Cake\Http\Response))
#5 D:\Web\Stanley\UpworkTest\vendor\cakephp\cakephp\src\Http\Runner.php(65): Cake\Routing\Middleware\RoutingMiddleware->__invoke(Object(Cake\Http\ServerRequest), Object(Cake\Http\Response), Object(Cake\Http\Runner))
#6 D:\Web\Stanley\UpworkTest\vendor\cakephp\cakephp\src\Routing\Middleware\AssetMiddleware.php(93): Cake\Http\Runner->__invoke(Object(Cake\Http\ServerRequest), Object(Cake\Http\Response))
#7 D:\Web\Stanley\UpworkTest\vendor\cakephp\cakephp\src\Http\Runner.php(65): Cake\Routing\Middleware\AssetMiddleware->__invoke(Object(Cake\Http\ServerRequest), Object(Cake\Http\Response), Object(Cake\Http\Runner))
#8 D:\Web\Stanley\UpworkTest\vendor\cakephp\cakephp\src\Error\Middleware\ErrorHandlerMiddleware.php(92): Cake\Http\Runner->__invoke(Object(Cake\Http\ServerRequest), Object(Cake\Http\Response))
#9 D:\Web\Stanley\UpworkTest\vendor\cakephp\cakephp\src\Http\Runner.php(65): Cake\Error\Middleware\ErrorHandlerMiddleware->__invoke(Object(Cake\Http\ServerRequest), Object(Cake\Http\Response), Object(Cake\Http\Runner))
#10 D:\Web\Stanley\UpworkTest\vendor\cakephp\debug_kit\src\Middleware\DebugKitMiddleware.php(52): Cake\Http\Runner->__invoke(Object(Cake\Http\ServerRequest), Object(Cake\Http\Response))
#11 D:\Web\Stanley\UpworkTest\vendor\cakephp\cakephp\src\Http\Runner.php(65): DebugKit\Middleware\DebugKitMiddleware->__invoke(Object(Cake\Http\ServerRequest), Object(Cake\Http\Response), Object(Cake\Http\Runner))
#12 D:\Web\Stanley\UpworkTest\vendor\cakephp\cakephp\src\Http\Runner.php(51): Cake\Http\Runner->__invoke(Object(Cake\Http\ServerRequest), Object(Cake\Http\Response))
#13 D:\Web\Stanley\UpworkTest\vendor\cakephp\cakephp\src\Http\Server.php(80): Cake\Http\Runner->run(Object(Cake\Http\MiddlewareQueue), Object(Cake\Http\ServerRequest), Object(Cake\Http\Response))
#14 D:\Web\Stanley\UpworkTest\webroot\index.php(37): Cake\Http\Server->run()
#15 {main}


2017-08-10 13:04:25 Error: [Cake\Routing\Exception\MissingControllerException] Controller class Robots.txt could not be found.
Exception Attributes: array (
  'class' => 'Robots.txt',
  'plugin' => false,
  'prefix' => false,
  '_ext' => false,
)
Request URL: /robots.txt
Stack Trace:
#0 D:\Web\Stanley\UpworkTest\vendor\cakephp\cakephp\src\Http\ControllerFactory.php(65): Cake\Http\ControllerFactory->missingController(Object(Cake\Http\ServerRequest))
#1 D:\Web\Stanley\UpworkTest\vendor\cakephp\cakephp\src\Http\ActionDispatcher.php(90): Cake\Http\ControllerFactory->create(Object(Cake\Http\ServerRequest), Object(Cake\Http\Response))
#2 D:\Web\Stanley\UpworkTest\vendor\cakephp\cakephp\src\Http\BaseApplication.php(78): Cake\Http\ActionDispatcher->dispatch(Object(Cake\Http\ServerRequest), Object(Cake\Http\Response))
#3 D:\Web\Stanley\UpworkTest\vendor\cakephp\cakephp\src\Http\Runner.php(65): Cake\Http\BaseApplication->__invoke(Object(Cake\Http\ServerRequest), Object(Cake\Http\Response), Object(Cake\Http\Runner))
#4 D:\Web\Stanley\UpworkTest\vendor\cakephp\cakephp\src\Routing\Middleware\RoutingMiddleware.php(59): Cake\Http\Runner->__invoke(Object(Cake\Http\ServerRequest), Object(Cake\Http\Response))
#5 D:\Web\Stanley\UpworkTest\vendor\cakephp\cakephp\src\Http\Runner.php(65): Cake\Routing\Middleware\RoutingMiddleware->__invoke(Object(Cake\Http\ServerRequest), Object(Cake\Http\Response), Object(Cake\Http\Runner))
#6 D:\Web\Stanley\UpworkTest\vendor\cakephp\cakephp\src\Routing\Middleware\AssetMiddleware.php(93): Cake\Http\Runner->__invoke(Object(Cake\Http\ServerRequest), Object(Cake\Http\Response))
#7 D:\Web\Stanley\UpworkTest\vendor\cakephp\cakephp\src\Http\Runner.php(65): Cake\Routing\Middleware\AssetMiddleware->__invoke(Object(Cake\Http\ServerRequest), Object(Cake\Http\Response), Object(Cake\Http\Runner))
#8 D:\Web\Stanley\UpworkTest\vendor\cakephp\cakephp\src\Error\Middleware\ErrorHandlerMiddleware.php(92): Cake\Http\Runner->__invoke(Object(Cake\Http\ServerRequest), Object(Cake\Http\Response))
#9 D:\Web\Stanley\UpworkTest\vendor\cakephp\cakephp\src\Http\Runner.php(65): Cake\Error\Middleware\ErrorHandlerMiddleware->__invoke(Object(Cake\Http\ServerRequest), Object(Cake\Http\Response), Object(Cake\Http\Runner))
#10 D:\Web\Stanley\UpworkTest\vendor\cakephp\debug_kit\src\Middleware\DebugKitMiddleware.php(52): Cake\Http\Runner->__invoke(Object(Cake\Http\ServerRequest), Object(Cake\Http\Response))
#11 D:\Web\Stanley\UpworkTest\vendor\cakephp\cakephp\src\Http\Runner.php(65): DebugKit\Middleware\DebugKitMiddleware->__invoke(Object(Cake\Http\ServerRequest), Object(Cake\Http\Response), Object(Cake\Http\Runner))
#12 D:\Web\Stanley\UpworkTest\vendor\cakephp\cakephp\src\Http\Runner.php(51): Cake\Http\Runner->__invoke(Object(Cake\Http\ServerRequest), Object(Cake\Http\Response))
#13 D:\Web\Stanley\UpworkTest\vendor\cakephp\cakephp\src\Http\Server.php(80): Cake\Http\Runner->run(Object(Cake\Http\MiddlewareQueue), Object(Cake\Http\ServerRequest), Object(Cake\Http\Response))
#14 D:\Web\Stanley\UpworkTest\webroot\index.php(37): Cake\Http\Server->run()
#15 {main}


2017-08-10 13:04:27 Warning: Warning (2): Missing argument 1 for App\Controller\TestController::test(), called in D:\Web\Stanley\UpworkTest\vendor\cakephp\cakephp\src\Controller\Controller.php on line 440 and defined in [D:\Web\Stanley\UpworkTest\src\Controller\TestController.php, line 42]
Request URL: /test/1234
Referer URL: http://upworktest.loc.com/
Client IP: 127.0.0.1
Trace:
Cake\Error\BaseErrorHandler::handleError() - CORE\src\Error\BaseErrorHandler.php, line 153
App\Controller\TestController::test() - APP/Controller\TestController.php, line 42
Cake\Controller\Controller::invokeAction() - CORE\src\Controller\Controller.php, line 440
Cake\Http\ActionDispatcher::_invoke() - CORE\src\Http\ActionDispatcher.php, line 119
Cake\Http\ActionDispatcher::dispatch() - CORE\src\Http\ActionDispatcher.php, line 93
Cake\Http\BaseApplication::__invoke() - CORE\src\Http\BaseApplication.php, line 78
Cake\Http\Runner::__invoke() - CORE\src\Http\Runner.php, line 65
Cake\Routing\Middleware\RoutingMiddleware::__invoke() - CORE\src\Routing\Middleware\RoutingMiddleware.php, line 59
Cake\Http\Runner::__invoke() - CORE\src\Http\Runner.php, line 65
Cake\Routing\Middleware\AssetMiddleware::__invoke() - CORE\src\Routing\Middleware\AssetMiddleware.php, line 88
Cake\Http\Runner::__invoke() - CORE\src\Http\Runner.php, line 65
Cake\Error\Middleware\ErrorHandlerMiddleware::__invoke() - CORE\src\Error\Middleware\ErrorHandlerMiddleware.php, line 92
Cake\Http\Runner::__invoke() - CORE\src\Http\Runner.php, line 65
DebugKit\Middleware\DebugKitMiddleware::__invoke() - ROOT\vendor\cakephp\debug_kit\src\Middleware\DebugKitMiddleware.php, line 52
Cake\Http\Runner::__invoke() - CORE\src\Http\Runner.php, line 65
Cake\Http\Runner::run() - CORE\src\Http\Runner.php, line 51
Cake\Http\Server::run() - CORE\src\Http\Server.php, line 80
[main] - ROOT\webroot\index.php, line 37



2017-08-10 13:04:27 Error: [Cake\View\Exception\MissingTemplateException] Template file "Test\test.ctp" is missing.
Exception Attributes: array (
  'file' => 'Test\\test.ctp',
)
Request URL: /test/1234
Referer URL: http://upworktest.loc.com/
Stack Trace:
#0 D:\Web\Stanley\UpworkTest\vendor\cakephp\cakephp\src\View\View.php(606): Cake\View\View->_getViewFileName(NULL)
#1 D:\Web\Stanley\UpworkTest\vendor\cakephp\cakephp\src\Controller\Controller.php(623): Cake\View\View->render(NULL, NULL)
#2 D:\Web\Stanley\UpworkTest\vendor\cakephp\cakephp\src\Http\ActionDispatcher.php(125): Cake\Controller\Controller->render()
#3 D:\Web\Stanley\UpworkTest\vendor\cakephp\cakephp\src\Http\ActionDispatcher.php(93): Cake\Http\ActionDispatcher->_invoke(Object(App\Controller\TestController))
#4 D:\Web\Stanley\UpworkTest\vendor\cakephp\cakephp\src\Http\BaseApplication.php(78): Cake\Http\ActionDispatcher->dispatch(Object(Cake\Http\ServerRequest), Object(Cake\Http\Response))
#5 D:\Web\Stanley\UpworkTest\vendor\cakephp\cakephp\src\Http\Runner.php(65): Cake\Http\BaseApplication->__invoke(Object(Cake\Http\ServerRequest), Object(Cake\Http\Response), Object(Cake\Http\Runner))
#6 D:\Web\Stanley\UpworkTest\vendor\cakephp\cakephp\src\Routing\Middleware\RoutingMiddleware.php(59): Cake\Http\Runner->__invoke(Object(Cake\Http\ServerRequest), Object(Cake\Http\Response))
#7 D:\Web\Stanley\UpworkTest\vendor\cakephp\cakephp\src\Http\Runner.php(65): Cake\Routing\Middleware\RoutingMiddleware->__invoke(Object(Cake\Http\ServerRequest), Object(Cake\Http\Response), Object(Cake\Http\Runner))
#8 D:\Web\Stanley\UpworkTest\vendor\cakephp\cakephp\src\Routing\Middleware\AssetMiddleware.php(88): Cake\Http\Runner->__invoke(Object(Cake\Http\ServerRequest), Object(Cake\Http\Response))
#9 D:\Web\Stanley\UpworkTest\vendor\cakephp\cakephp\src\Http\Runner.php(65): Cake\Routing\Middleware\AssetMiddleware->__invoke(Object(Cake\Http\ServerRequest), Object(Cake\Http\Response), Object(Cake\Http\Runner))
#10 D:\Web\Stanley\UpworkTest\vendor\cakephp\cakephp\src\Error\Middleware\ErrorHandlerMiddleware.php(92): Cake\Http\Runner->__invoke(Object(Cake\Http\ServerRequest), Object(Cake\Http\Response))
#11 D:\Web\Stanley\UpworkTest\vendor\cakephp\cakephp\src\Http\Runner.php(65): Cake\Error\Middleware\ErrorHandlerMiddleware->__invoke(Object(Cake\Http\ServerRequest), Object(Cake\Http\Response), Object(Cake\Http\Runner))
#12 D:\Web\Stanley\UpworkTest\vendor\cakephp\debug_kit\src\Middleware\DebugKitMiddleware.php(52): Cake\Http\Runner->__invoke(Object(Cake\Http\ServerRequest), Object(Cake\Http\Response))
#13 D:\Web\Stanley\UpworkTest\vendor\cakephp\cakephp\src\Http\Runner.php(65): DebugKit\Middleware\DebugKitMiddleware->__invoke(Object(Cake\Http\ServerRequest), Object(Cake\Http\Response), Object(Cake\Http\Runner))
#14 D:\Web\Stanley\UpworkTest\vendor\cakephp\cakephp\src\Http\Runner.php(51): Cake\Http\Runner->__invoke(Object(Cake\Http\ServerRequest), Object(Cake\Http\Response))
#15 D:\Web\Stanley\UpworkTest\vendor\cakephp\cakephp\src\Http\Server.php(80): Cake\Http\Runner->run(Object(Cake\Http\MiddlewareQueue), Object(Cake\Http\ServerRequest), Object(Cake\Http\Response))
#16 D:\Web\Stanley\UpworkTest\webroot\index.php(37): Cake\Http\Server->run()
#17 {main}


2017-08-10 13:04:28 Warning: Warning (512): Unable to emit headers. Headers sent in file=D:\Web\Stanley\UpworkTest\vendor\cakephp\cakephp\src\Error\Debugger.php line=822 in [D:\Web\Stanley\UpworkTest\vendor\cakephp\cakephp\src\Http\ResponseEmitter.php, line 48]
Request URL: /test/1234
Referer URL: http://upworktest.loc.com/
Client IP: 127.0.0.1
Trace:
Cake\Error\BaseErrorHandler::handleError() - CORE\src\Error\BaseErrorHandler.php, line 153
Cake\Http\ResponseEmitter::emit() - CORE\src\Http\ResponseEmitter.php, line 48
Cake\Http\Server::emit() - CORE\src\Http\Server.php, line 105
[main] - ROOT\webroot\index.php, line 37



2017-08-10 13:04:28 Warning: Warning (2): Cannot modify header information - headers already sent by (output started at D:\Web\Stanley\UpworkTest\vendor\cakephp\cakephp\src\Error\Debugger.php:822) in [D:\Web\Stanley\UpworkTest\vendor\cakephp\cakephp\src\Http\ResponseEmitter.php, line 149]
Request URL: /test/1234
Referer URL: http://upworktest.loc.com/
Client IP: 127.0.0.1
Trace:
Cake\Error\BaseErrorHandler::handleError() - CORE\src\Error\BaseErrorHandler.php, line 153
header - [internal], line ??
Cake\Http\ResponseEmitter::emitStatusLine() - CORE\src\Http\ResponseEmitter.php, line 149
Cake\Http\ResponseEmitter::emit() - CORE\src\Http\ResponseEmitter.php, line 54
Cake\Http\Server::emit() - CORE\src\Http\Server.php, line 105
[main] - ROOT\webroot\index.php, line 37



2017-08-10 13:04:28 Warning: Warning (2): Cannot modify header information - headers already sent by (output started at D:\Web\Stanley\UpworkTest\vendor\cakephp\cakephp\src\Error\Debugger.php:822) in [D:\Web\Stanley\UpworkTest\vendor\cakephp\cakephp\src\Http\ResponseEmitter.php, line 181]
Request URL: /test/1234
Referer URL: http://upworktest.loc.com/
Client IP: 127.0.0.1
Trace:
Cake\Error\BaseErrorHandler::handleError() - CORE\src\Error\BaseErrorHandler.php, line 153
header - [internal], line ??
Cake\Http\ResponseEmitter::emitHeaders() - CORE\src\Http\ResponseEmitter.php, line 181
Cake\Http\ResponseEmitter::emit() - CORE\src\Http\ResponseEmitter.php, line 55
Cake\Http\Server::emit() - CORE\src\Http\Server.php, line 105
[main] - ROOT\webroot\index.php, line 37



2017-08-10 13:04:28 Warning: Warning (2): Cannot modify header information - headers already sent by (output started at D:\Web\Stanley\UpworkTest\vendor\cakephp\cakephp\src\Error\Debugger.php:822) in [D:\Web\Stanley\UpworkTest\vendor\cakephp\cakephp\src\Http\ResponseEmitter.php, line 181]
Request URL: /test/1234
Referer URL: http://upworktest.loc.com/
Client IP: 127.0.0.1
Trace:
Cake\Error\BaseErrorHandler::handleError() - CORE\src\Error\BaseErrorHandler.php, line 153
header - [internal], line ??
Cake\Http\ResponseEmitter::emitHeaders() - CORE\src\Http\ResponseEmitter.php, line 181
Cake\Http\ResponseEmitter::emit() - CORE\src\Http\ResponseEmitter.php, line 55
Cake\Http\Server::emit() - CORE\src\Http\Server.php, line 105
[main] - ROOT\webroot\index.php, line 37



2017-08-10 13:06:09 Error: [Cake\View\Exception\MissingTemplateException] Template file "Test\test.ctp" is missing.
Exception Attributes: array (
  'file' => 'Test\\test.ctp',
)
Request URL: /test/1234
Referer URL: http://upworktest.loc.com/
Stack Trace:
#0 D:\Web\Stanley\UpworkTest\vendor\cakephp\cakephp\src\View\View.php(606): Cake\View\View->_getViewFileName(NULL)
#1 D:\Web\Stanley\UpworkTest\vendor\cakephp\cakephp\src\Controller\Controller.php(623): Cake\View\View->render(NULL, NULL)
#2 D:\Web\Stanley\UpworkTest\vendor\cakephp\cakephp\src\Http\ActionDispatcher.php(125): Cake\Controller\Controller->render()
#3 D:\Web\Stanley\UpworkTest\vendor\cakephp\cakephp\src\Http\ActionDispatcher.php(93): Cake\Http\ActionDispatcher->_invoke(Object(App\Controller\TestController))
#4 D:\Web\Stanley\UpworkTest\vendor\cakephp\cakephp\src\Http\BaseApplication.php(78): Cake\Http\ActionDispatcher->dispatch(Object(Cake\Http\ServerRequest), Object(Cake\Http\Response))
#5 D:\Web\Stanley\UpworkTest\vendor\cakephp\cakephp\src\Http\Runner.php(65): Cake\Http\BaseApplication->__invoke(Object(Cake\Http\ServerRequest), Object(Cake\Http\Response), Object(Cake\Http\Runner))
#6 D:\Web\Stanley\UpworkTest\vendor\cakephp\cakephp\src\Routing\Middleware\RoutingMiddleware.php(59): Cake\Http\Runner->__invoke(Object(Cake\Http\ServerRequest), Object(Cake\Http\Response))
#7 D:\Web\Stanley\UpworkTest\vendor\cakephp\cakephp\src\Http\Runner.php(65): Cake\Routing\Middleware\RoutingMiddleware->__invoke(Object(Cake\Http\ServerRequest), Object(Cake\Http\Response), Object(Cake\Http\Runner))
#8 D:\Web\Stanley\UpworkTest\vendor\cakephp\cakephp\src\Routing\Middleware\AssetMiddleware.php(88): Cake\Http\Runner->__invoke(Object(Cake\Http\ServerRequest), Object(Cake\Http\Response))
#9 D:\Web\Stanley\UpworkTest\vendor\cakephp\cakephp\src\Http\Runner.php(65): Cake\Routing\Middleware\AssetMiddleware->__invoke(Object(Cake\Http\ServerRequest), Object(Cake\Http\Response), Object(Cake\Http\Runner))
#10 D:\Web\Stanley\UpworkTest\vendor\cakephp\cakephp\src\Error\Middleware\ErrorHandlerMiddleware.php(92): Cake\Http\Runner->__invoke(Object(Cake\Http\ServerRequest), Object(Cake\Http\Response))
#11 D:\Web\Stanley\UpworkTest\vendor\cakephp\cakephp\src\Http\Runner.php(65): Cake\Error\Middleware\ErrorHandlerMiddleware->__invoke(Object(Cake\Http\ServerRequest), Object(Cake\Http\Response), Object(Cake\Http\Runner))
#12 D:\Web\Stanley\UpworkTest\vendor\cakephp\debug_kit\src\Middleware\DebugKitMiddleware.php(52): Cake\Http\Runner->__invoke(Object(Cake\Http\ServerRequest), Object(Cake\Http\Response))
#13 D:\Web\Stanley\UpworkTest\vendor\cakephp\cakephp\src\Http\Runner.php(65): DebugKit\Middleware\DebugKitMiddleware->__invoke(Object(Cake\Http\ServerRequest), Object(Cake\Http\Response), Object(Cake\Http\Runner))
#14 D:\Web\Stanley\UpworkTest\vendor\cakephp\cakephp\src\Http\Runner.php(51): Cake\Http\Runner->__invoke(Object(Cake\Http\ServerRequest), Object(Cake\Http\Response))
#15 D:\Web\Stanley\UpworkTest\vendor\cakephp\cakephp\src\Http\Server.php(80): Cake\Http\Runner->run(Object(Cake\Http\MiddlewareQueue), Object(Cake\Http\ServerRequest), Object(Cake\Http\Response))
#16 D:\Web\Stanley\UpworkTest\webroot\index.php(37): Cake\Http\Server->run()
#17 {main}


2017-08-10 13:06:22 Warning: Warning (2): Missing argument 1 for App\Controller\TestController::test(), called in D:\Web\Stanley\UpworkTest\vendor\cakephp\cakephp\src\Controller\Controller.php on line 440 and defined in [D:\Web\Stanley\UpworkTest\src\Controller\TestController.php, line 42]
Request URL: /test/1234
Referer URL: http://upworktest.loc.com/
Client IP: 127.0.0.1
Trace:
Cake\Error\BaseErrorHandler::handleError() - CORE\src\Error\BaseErrorHandler.php, line 153
App\Controller\TestController::test() - APP/Controller\TestController.php, line 42
Cake\Controller\Controller::invokeAction() - CORE\src\Controller\Controller.php, line 440
Cake\Http\ActionDispatcher::_invoke() - CORE\src\Http\ActionDispatcher.php, line 119
Cake\Http\ActionDispatcher::dispatch() - CORE\src\Http\ActionDispatcher.php, line 93
Cake\Http\BaseApplication::__invoke() - CORE\src\Http\BaseApplication.php, line 78
Cake\Http\Runner::__invoke() - CORE\src\Http\Runner.php, line 65
Cake\Routing\Middleware\RoutingMiddleware::__invoke() - CORE\src\Routing\Middleware\RoutingMiddleware.php, line 59
Cake\Http\Runner::__invoke() - CORE\src\Http\Runner.php, line 65
Cake\Routing\Middleware\AssetMiddleware::__invoke() - CORE\src\Routing\Middleware\AssetMiddleware.php, line 88
Cake\Http\Runner::__invoke() - CORE\src\Http\Runner.php, line 65
Cake\Error\Middleware\ErrorHandlerMiddleware::__invoke() - CORE\src\Error\Middleware\ErrorHandlerMiddleware.php, line 92
Cake\Http\Runner::__invoke() - CORE\src\Http\Runner.php, line 65
DebugKit\Middleware\DebugKitMiddleware::__invoke() - ROOT\vendor\cakephp\debug_kit\src\Middleware\DebugKitMiddleware.php, line 52
Cake\Http\Runner::__invoke() - CORE\src\Http\Runner.php, line 65
Cake\Http\Runner::run() - CORE\src\Http\Runner.php, line 51
Cake\Http\Server::run() - CORE\src\Http\Server.php, line 80
[main] - ROOT\webroot\index.php, line 37



2017-08-10 13:06:22 Error: [Cake\View\Exception\MissingTemplateException] Template file "Test\test.ctp" is missing.
Exception Attributes: array (
  'file' => 'Test\\test.ctp',
)
Request URL: /test/1234
Referer URL: http://upworktest.loc.com/
Stack Trace:
#0 D:\Web\Stanley\UpworkTest\vendor\cakephp\cakephp\src\View\View.php(606): Cake\View\View->_getViewFileName(NULL)
#1 D:\Web\Stanley\UpworkTest\vendor\cakephp\cakephp\src\Controller\Controller.php(623): Cake\View\View->render(NULL, NULL)
#2 D:\Web\Stanley\UpworkTest\vendor\cakephp\cakephp\src\Http\ActionDispatcher.php(125): Cake\Controller\Controller->render()
#3 D:\Web\Stanley\UpworkTest\vendor\cakephp\cakephp\src\Http\ActionDispatcher.php(93): Cake\Http\ActionDispatcher->_invoke(Object(App\Controller\TestController))
#4 D:\Web\Stanley\UpworkTest\vendor\cakephp\cakephp\src\Http\BaseApplication.php(78): Cake\Http\ActionDispatcher->dispatch(Object(Cake\Http\ServerRequest), Object(Cake\Http\Response))
#5 D:\Web\Stanley\UpworkTest\vendor\cakephp\cakephp\src\Http\Runner.php(65): Cake\Http\BaseApplication->__invoke(Object(Cake\Http\ServerRequest), Object(Cake\Http\Response), Object(Cake\Http\Runner))
#6 D:\Web\Stanley\UpworkTest\vendor\cakephp\cakephp\src\Routing\Middleware\RoutingMiddleware.php(59): Cake\Http\Runner->__invoke(Object(Cake\Http\ServerRequest), Object(Cake\Http\Response))
#7 D:\Web\Stanley\UpworkTest\vendor\cakephp\cakephp\src\Http\Runner.php(65): Cake\Routing\Middleware\RoutingMiddleware->__invoke(Object(Cake\Http\ServerRequest), Object(Cake\Http\Response), Object(Cake\Http\Runner))
#8 D:\Web\Stanley\UpworkTest\vendor\cakephp\cakephp\src\Routing\Middleware\AssetMiddleware.php(88): Cake\Http\Runner->__invoke(Object(Cake\Http\ServerRequest), Object(Cake\Http\Response))
#9 D:\Web\Stanley\UpworkTest\vendor\cakephp\cakephp\src\Http\Runner.php(65): Cake\Routing\Middleware\AssetMiddleware->__invoke(Object(Cake\Http\ServerRequest), Object(Cake\Http\Response), Object(Cake\Http\Runner))
#10 D:\Web\Stanley\UpworkTest\vendor\cakephp\cakephp\src\Error\Middleware\ErrorHandlerMiddleware.php(92): Cake\Http\Runner->__invoke(Object(Cake\Http\ServerRequest), Object(Cake\Http\Response))
#11 D:\Web\Stanley\UpworkTest\vendor\cakephp\cakephp\src\Http\Runner.php(65): Cake\Error\Middleware\ErrorHandlerMiddleware->__invoke(Object(Cake\Http\ServerRequest), Object(Cake\Http\Response), Object(Cake\Http\Runner))
#12 D:\Web\Stanley\UpworkTest\vendor\cakephp\debug_kit\src\Middleware\DebugKitMiddleware.php(52): Cake\Http\Runner->__invoke(Object(Cake\Http\ServerRequest), Object(Cake\Http\Response))
#13 D:\Web\Stanley\UpworkTest\vendor\cakephp\cakephp\src\Http\Runner.php(65): DebugKit\Middleware\DebugKitMiddleware->__invoke(Object(Cake\Http\ServerRequest), Object(Cake\Http\Response), Object(Cake\Http\Runner))
#14 D:\Web\Stanley\UpworkTest\vendor\cakephp\cakephp\src\Http\Runner.php(51): Cake\Http\Runner->__invoke(Object(Cake\Http\ServerRequest), Object(Cake\Http\Response))
#15 D:\Web\Stanley\UpworkTest\vendor\cakephp\cakephp\src\Http\Server.php(80): Cake\Http\Runner->run(Object(Cake\Http\MiddlewareQueue), Object(Cake\Http\ServerRequest), Object(Cake\Http\Response))
#16 D:\Web\Stanley\UpworkTest\webroot\index.php(37): Cake\Http\Server->run()
#17 {main}


2017-08-10 13:06:22 Warning: Warning (512): Unable to emit headers. Headers sent in file=D:\Web\Stanley\UpworkTest\vendor\cakephp\cakephp\src\Error\Debugger.php line=822 in [D:\Web\Stanley\UpworkTest\vendor\cakephp\cakephp\src\Http\ResponseEmitter.php, line 48]
Request URL: /test/1234
Referer URL: http://upworktest.loc.com/
Client IP: 127.0.0.1
Trace:
Cake\Error\BaseErrorHandler::handleError() - CORE\src\Error\BaseErrorHandler.php, line 153
Cake\Http\ResponseEmitter::emit() - CORE\src\Http\ResponseEmitter.php, line 48
Cake\Http\Server::emit() - CORE\src\Http\Server.php, line 105
[main] - ROOT\webroot\index.php, line 37



2017-08-10 13:06:22 Warning: Warning (2): Cannot modify header information - headers already sent by (output started at D:\Web\Stanley\UpworkTest\vendor\cakephp\cakephp\src\Error\Debugger.php:822) in [D:\Web\Stanley\UpworkTest\vendor\cakephp\cakephp\src\Http\ResponseEmitter.php, line 149]
Request URL: /test/1234
Referer URL: http://upworktest.loc.com/
Client IP: 127.0.0.1
Trace:
Cake\Error\BaseErrorHandler::handleError() - CORE\src\Error\BaseErrorHandler.php, line 153
header - [internal], line ??
Cake\Http\ResponseEmitter::emitStatusLine() - CORE\src\Http\ResponseEmitter.php, line 149
Cake\Http\ResponseEmitter::emit() - CORE\src\Http\ResponseEmitter.php, line 54
Cake\Http\Server::emit() - CORE\src\Http\Server.php, line 105
[main] - ROOT\webroot\index.php, line 37



2017-08-10 13:06:22 Warning: Warning (2): Cannot modify header information - headers already sent by (output started at D:\Web\Stanley\UpworkTest\vendor\cakephp\cakephp\src\Error\Debugger.php:822) in [D:\Web\Stanley\UpworkTest\vendor\cakephp\cakephp\src\Http\ResponseEmitter.php, line 181]
Request URL: /test/1234
Referer URL: http://upworktest.loc.com/
Client IP: 127.0.0.1
Trace:
Cake\Error\BaseErrorHandler::handleError() - CORE\src\Error\BaseErrorHandler.php, line 153
header - [internal], line ??
Cake\Http\ResponseEmitter::emitHeaders() - CORE\src\Http\ResponseEmitter.php, line 181
Cake\Http\ResponseEmitter::emit() - CORE\src\Http\ResponseEmitter.php, line 55
Cake\Http\Server::emit() - CORE\src\Http\Server.php, line 105
[main] - ROOT\webroot\index.php, line 37



2017-08-10 13:06:22 Warning: Warning (2): Cannot modify header information - headers already sent by (output started at D:\Web\Stanley\UpworkTest\vendor\cakephp\cakephp\src\Error\Debugger.php:822) in [D:\Web\Stanley\UpworkTest\vendor\cakephp\cakephp\src\Http\ResponseEmitter.php, line 181]
Request URL: /test/1234
Referer URL: http://upworktest.loc.com/
Client IP: 127.0.0.1
Trace:
Cake\Error\BaseErrorHandler::handleError() - CORE\src\Error\BaseErrorHandler.php, line 153
header - [internal], line ??
Cake\Http\ResponseEmitter::emitHeaders() - CORE\src\Http\ResponseEmitter.php, line 181
Cake\Http\ResponseEmitter::emit() - CORE\src\Http\ResponseEmitter.php, line 55
Cake\Http\Server::emit() - CORE\src\Http\Server.php, line 105
[main] - ROOT\webroot\index.php, line 37



2017-08-10 13:06:34 Warning: Warning (2): Missing argument 1 for App\Controller\TestController::test(), called in D:\Web\Stanley\UpworkTest\vendor\cakephp\cakephp\src\Controller\Controller.php on line 440 and defined in [D:\Web\Stanley\UpworkTest\src\Controller\TestController.php, line 42]
Request URL: /test/1234
Referer URL: http://upworktest.loc.com/
Client IP: 127.0.0.1
Trace:
Cake\Error\BaseErrorHandler::handleError() - CORE\src\Error\BaseErrorHandler.php, line 153
App\Controller\TestController::test() - APP/Controller\TestController.php, line 42
Cake\Controller\Controller::invokeAction() - CORE\src\Controller\Controller.php, line 440
Cake\Http\ActionDispatcher::_invoke() - CORE\src\Http\ActionDispatcher.php, line 119
Cake\Http\ActionDispatcher::dispatch() - CORE\src\Http\ActionDispatcher.php, line 93
Cake\Http\BaseApplication::__invoke() - CORE\src\Http\BaseApplication.php, line 78
Cake\Http\Runner::__invoke() - CORE\src\Http\Runner.php, line 65
Cake\Routing\Middleware\RoutingMiddleware::__invoke() - CORE\src\Routing\Middleware\RoutingMiddleware.php, line 59
Cake\Http\Runner::__invoke() - CORE\src\Http\Runner.php, line 65
Cake\Routing\Middleware\AssetMiddleware::__invoke() - CORE\src\Routing\Middleware\AssetMiddleware.php, line 88
Cake\Http\Runner::__invoke() - CORE\src\Http\Runner.php, line 65
Cake\Error\Middleware\ErrorHandlerMiddleware::__invoke() - CORE\src\Error\Middleware\ErrorHandlerMiddleware.php, line 92
Cake\Http\Runner::__invoke() - CORE\src\Http\Runner.php, line 65
DebugKit\Middleware\DebugKitMiddleware::__invoke() - ROOT\vendor\cakephp\debug_kit\src\Middleware\DebugKitMiddleware.php, line 52
Cake\Http\Runner::__invoke() - CORE\src\Http\Runner.php, line 65
Cake\Http\Runner::run() - CORE\src\Http\Runner.php, line 51
Cake\Http\Server::run() - CORE\src\Http\Server.php, line 80
[main] - ROOT\webroot\index.php, line 37



2017-08-10 13:06:34 Error: [Cake\View\Exception\MissingTemplateException] Template file "Test\test.ctp" is missing.
Exception Attributes: array (
  'file' => 'Test\\test.ctp',
)
Request URL: /test/1234
Referer URL: http://upworktest.loc.com/
Stack Trace:
#0 D:\Web\Stanley\UpworkTest\vendor\cakephp\cakephp\src\View\View.php(606): Cake\View\View->_getViewFileName(NULL)
#1 D:\Web\Stanley\UpworkTest\vendor\cakephp\cakephp\src\Controller\Controller.php(623): Cake\View\View->render(NULL, NULL)
#2 D:\Web\Stanley\UpworkTest\vendor\cakephp\cakephp\src\Http\ActionDispatcher.php(125): Cake\Controller\Controller->render()
#3 D:\Web\Stanley\UpworkTest\vendor\cakephp\cakephp\src\Http\ActionDispatcher.php(93): Cake\Http\ActionDispatcher->_invoke(Object(App\Controller\TestController))
#4 D:\Web\Stanley\UpworkTest\vendor\cakephp\cakephp\src\Http\BaseApplication.php(78): Cake\Http\ActionDispatcher->dispatch(Object(Cake\Http\ServerRequest), Object(Cake\Http\Response))
#5 D:\Web\Stanley\UpworkTest\vendor\cakephp\cakephp\src\Http\Runner.php(65): Cake\Http\BaseApplication->__invoke(Object(Cake\Http\ServerRequest), Object(Cake\Http\Response), Object(Cake\Http\Runner))
#6 D:\Web\Stanley\UpworkTest\vendor\cakephp\cakephp\src\Routing\Middleware\RoutingMiddleware.php(59): Cake\Http\Runner->__invoke(Object(Cake\Http\ServerRequest), Object(Cake\Http\Response))
#7 D:\Web\Stanley\UpworkTest\vendor\cakephp\cakephp\src\Http\Runner.php(65): Cake\Routing\Middleware\RoutingMiddleware->__invoke(Object(Cake\Http\ServerRequest), Object(Cake\Http\Response), Object(Cake\Http\Runner))
#8 D:\Web\Stanley\UpworkTest\vendor\cakephp\cakephp\src\Routing\Middleware\AssetMiddleware.php(88): Cake\Http\Runner->__invoke(Object(Cake\Http\ServerRequest), Object(Cake\Http\Response))
#9 D:\Web\Stanley\UpworkTest\vendor\cakephp\cakephp\src\Http\Runner.php(65): Cake\Routing\Middleware\AssetMiddleware->__invoke(Object(Cake\Http\ServerRequest), Object(Cake\Http\Response), Object(Cake\Http\Runner))
#10 D:\Web\Stanley\UpworkTest\vendor\cakephp\cakephp\src\Error\Middleware\ErrorHandlerMiddleware.php(92): Cake\Http\Runner->__invoke(Object(Cake\Http\ServerRequest), Object(Cake\Http\Response))
#11 D:\Web\Stanley\UpworkTest\vendor\cakephp\cakephp\src\Http\Runner.php(65): Cake\Error\Middleware\ErrorHandlerMiddleware->__invoke(Object(Cake\Http\ServerRequest), Object(Cake\Http\Response), Object(Cake\Http\Runner))
#12 D:\Web\Stanley\UpworkTest\vendor\cakephp\debug_kit\src\Middleware\DebugKitMiddleware.php(52): Cake\Http\Runner->__invoke(Object(Cake\Http\ServerRequest), Object(Cake\Http\Response))
#13 D:\Web\Stanley\UpworkTest\vendor\cakephp\cakephp\src\Http\Runner.php(65): DebugKit\Middleware\DebugKitMiddleware->__invoke(Object(Cake\Http\ServerRequest), Object(Cake\Http\Response), Object(Cake\Http\Runner))
#14 D:\Web\Stanley\UpworkTest\vendor\cakephp\cakephp\src\Http\Runner.php(51): Cake\Http\Runner->__invoke(Object(Cake\Http\ServerRequest), Object(Cake\Http\Response))
#15 D:\Web\Stanley\UpworkTest\vendor\cakephp\cakephp\src\Http\Server.php(80): Cake\Http\Runner->run(Object(Cake\Http\MiddlewareQueue), Object(Cake\Http\ServerRequest), Object(Cake\Http\Response))
#16 D:\Web\Stanley\UpworkTest\webroot\index.php(37): Cake\Http\Server->run()
#17 {main}


2017-08-10 13:07:57 Warning: Warning (4096): Argument 1 passed to App\Controller\TestController::test() must be an instance of App\Controller\Request, none given, called in D:\Web\Stanley\UpworkTest\vendor\cakephp\cakephp\src\Controller\Controller.php on line 440 and defined in [D:\Web\Stanley\UpworkTest\src\Controller\TestController.php, line 42]
Request URL: /test/1234
Referer URL: http://upworktest.loc.com/
Client IP: 127.0.0.1
Trace:
Cake\Error\BaseErrorHandler::handleError() - CORE\src\Error\BaseErrorHandler.php, line 153
App\Controller\TestController::test() - APP/Controller\TestController.php, line 42
Cake\Controller\Controller::invokeAction() - CORE\src\Controller\Controller.php, line 440
Cake\Http\ActionDispatcher::_invoke() - CORE\src\Http\ActionDispatcher.php, line 119
Cake\Http\ActionDispatcher::dispatch() - CORE\src\Http\ActionDispatcher.php, line 93
Cake\Http\BaseApplication::__invoke() - CORE\src\Http\BaseApplication.php, line 78
Cake\Http\Runner::__invoke() - CORE\src\Http\Runner.php, line 65
Cake\Routing\Middleware\RoutingMiddleware::__invoke() - CORE\src\Routing\Middleware\RoutingMiddleware.php, line 59
Cake\Http\Runner::__invoke() - CORE\src\Http\Runner.php, line 65
Cake\Routing\Middleware\AssetMiddleware::__invoke() - CORE\src\Routing\Middleware\AssetMiddleware.php, line 88
Cake\Http\Runner::__invoke() - CORE\src\Http\Runner.php, line 65
Cake\Error\Middleware\ErrorHandlerMiddleware::__invoke() - CORE\src\Error\Middleware\ErrorHandlerMiddleware.php, line 92
Cake\Http\Runner::__invoke() - CORE\src\Http\Runner.php, line 65
DebugKit\Middleware\DebugKitMiddleware::__invoke() - ROOT\vendor\cakephp\debug_kit\src\Middleware\DebugKitMiddleware.php, line 52
Cake\Http\Runner::__invoke() - CORE\src\Http\Runner.php, line 65
Cake\Http\Runner::run() - CORE\src\Http\Runner.php, line 51
Cake\Http\Server::run() - CORE\src\Http\Server.php, line 80
[main] - ROOT\webroot\index.php, line 37



2017-08-10 13:07:58 Error: [Cake\View\Exception\MissingTemplateException] Template file "Test\test.ctp" is missing.
Exception Attributes: array (
  'file' => 'Test\\test.ctp',
)
Request URL: /test/1234
Referer URL: http://upworktest.loc.com/
Stack Trace:
#0 D:\Web\Stanley\UpworkTest\vendor\cakephp\cakephp\src\View\View.php(606): Cake\View\View->_getViewFileName(NULL)
#1 D:\Web\Stanley\UpworkTest\vendor\cakephp\cakephp\src\Controller\Controller.php(623): Cake\View\View->render(NULL, NULL)
#2 D:\Web\Stanley\UpworkTest\vendor\cakephp\cakephp\src\Http\ActionDispatcher.php(125): Cake\Controller\Controller->render()
#3 D:\Web\Stanley\UpworkTest\vendor\cakephp\cakephp\src\Http\ActionDispatcher.php(93): Cake\Http\ActionDispatcher->_invoke(Object(App\Controller\TestController))
#4 D:\Web\Stanley\UpworkTest\vendor\cakephp\cakephp\src\Http\BaseApplication.php(78): Cake\Http\ActionDispatcher->dispatch(Object(Cake\Http\ServerRequest), Object(Cake\Http\Response))
#5 D:\Web\Stanley\UpworkTest\vendor\cakephp\cakephp\src\Http\Runner.php(65): Cake\Http\BaseApplication->__invoke(Object(Cake\Http\ServerRequest), Object(Cake\Http\Response), Object(Cake\Http\Runner))
#6 D:\Web\Stanley\UpworkTest\vendor\cakephp\cakephp\src\Routing\Middleware\RoutingMiddleware.php(59): Cake\Http\Runner->__invoke(Object(Cake\Http\ServerRequest), Object(Cake\Http\Response))
#7 D:\Web\Stanley\UpworkTest\vendor\cakephp\cakephp\src\Http\Runner.php(65): Cake\Routing\Middleware\RoutingMiddleware->__invoke(Object(Cake\Http\ServerRequest), Object(Cake\Http\Response), Object(Cake\Http\Runner))
#8 D:\Web\Stanley\UpworkTest\vendor\cakephp\cakephp\src\Routing\Middleware\AssetMiddleware.php(88): Cake\Http\Runner->__invoke(Object(Cake\Http\ServerRequest), Object(Cake\Http\Response))
#9 D:\Web\Stanley\UpworkTest\vendor\cakephp\cakephp\src\Http\Runner.php(65): Cake\Routing\Middleware\AssetMiddleware->__invoke(Object(Cake\Http\ServerRequest), Object(Cake\Http\Response), Object(Cake\Http\Runner))
#10 D:\Web\Stanley\UpworkTest\vendor\cakephp\cakephp\src\Error\Middleware\ErrorHandlerMiddleware.php(92): Cake\Http\Runner->__invoke(Object(Cake\Http\ServerRequest), Object(Cake\Http\Response))
#11 D:\Web\Stanley\UpworkTest\vendor\cakephp\cakephp\src\Http\Runner.php(65): Cake\Error\Middleware\ErrorHandlerMiddleware->__invoke(Object(Cake\Http\ServerRequest), Object(Cake\Http\Response), Object(Cake\Http\Runner))
#12 D:\Web\Stanley\UpworkTest\vendor\cakephp\debug_kit\src\Middleware\DebugKitMiddleware.php(52): Cake\Http\Runner->__invoke(Object(Cake\Http\ServerRequest), Object(Cake\Http\Response))
#13 D:\Web\Stanley\UpworkTest\vendor\cakephp\cakephp\src\Http\Runner.php(65): DebugKit\Middleware\DebugKitMiddleware->__invoke(Object(Cake\Http\ServerRequest), Object(Cake\Http\Response), Object(Cake\Http\Runner))
#14 D:\Web\Stanley\UpworkTest\vendor\cakephp\cakephp\src\Http\Runner.php(51): Cake\Http\Runner->__invoke(Object(Cake\Http\ServerRequest), Object(Cake\Http\Response))
#15 D:\Web\Stanley\UpworkTest\vendor\cakephp\cakephp\src\Http\Server.php(80): Cake\Http\Runner->run(Object(Cake\Http\MiddlewareQueue), Object(Cake\Http\ServerRequest), Object(Cake\Http\Response))
#16 D:\Web\Stanley\UpworkTest\webroot\index.php(37): Cake\Http\Server->run()
#17 {main}


2017-08-10 13:07:58 Warning: Warning (512): Unable to emit headers. Headers sent in file=D:\Web\Stanley\UpworkTest\vendor\cakephp\cakephp\src\Error\Debugger.php line=822 in [D:\Web\Stanley\UpworkTest\vendor\cakephp\cakephp\src\Http\ResponseEmitter.php, line 48]
Request URL: /test/1234
Referer URL: http://upworktest.loc.com/
Client IP: 127.0.0.1
Trace:
Cake\Error\BaseErrorHandler::handleError() - CORE\src\Error\BaseErrorHandler.php, line 153
Cake\Http\ResponseEmitter::emit() - CORE\src\Http\ResponseEmitter.php, line 48
Cake\Http\Server::emit() - CORE\src\Http\Server.php, line 105
[main] - ROOT\webroot\index.php, line 37



2017-08-10 13:07:58 Warning: Warning (2): Cannot modify header information - headers already sent by (output started at D:\Web\Stanley\UpworkTest\vendor\cakephp\cakephp\src\Error\Debugger.php:822) in [D:\Web\Stanley\UpworkTest\vendor\cakephp\cakephp\src\Http\ResponseEmitter.php, line 149]
Request URL: /test/1234
Referer URL: http://upworktest.loc.com/
Client IP: 127.0.0.1
Trace:
Cake\Error\BaseErrorHandler::handleError() - CORE\src\Error\BaseErrorHandler.php, line 153
header - [internal], line ??
Cake\Http\ResponseEmitter::emitStatusLine() - CORE\src\Http\ResponseEmitter.php, line 149
Cake\Http\ResponseEmitter::emit() - CORE\src\Http\ResponseEmitter.php, line 54
Cake\Http\Server::emit() - CORE\src\Http\Server.php, line 105
[main] - ROOT\webroot\index.php, line 37



2017-08-10 13:07:58 Warning: Warning (2): Cannot modify header information - headers already sent by (output started at D:\Web\Stanley\UpworkTest\vendor\cakephp\cakephp\src\Error\Debugger.php:822) in [D:\Web\Stanley\UpworkTest\vendor\cakephp\cakephp\src\Http\ResponseEmitter.php, line 181]
Request URL: /test/1234
Referer URL: http://upworktest.loc.com/
Client IP: 127.0.0.1
Trace:
Cake\Error\BaseErrorHandler::handleError() - CORE\src\Error\BaseErrorHandler.php, line 153
header - [internal], line ??
Cake\Http\ResponseEmitter::emitHeaders() - CORE\src\Http\ResponseEmitter.php, line 181
Cake\Http\ResponseEmitter::emit() - CORE\src\Http\ResponseEmitter.php, line 55
Cake\Http\Server::emit() - CORE\src\Http\Server.php, line 105
[main] - ROOT\webroot\index.php, line 37



2017-08-10 13:07:58 Warning: Warning (2): Cannot modify header information - headers already sent by (output started at D:\Web\Stanley\UpworkTest\vendor\cakephp\cakephp\src\Error\Debugger.php:822) in [D:\Web\Stanley\UpworkTest\vendor\cakephp\cakephp\src\Http\ResponseEmitter.php, line 181]
Request URL: /test/1234
Referer URL: http://upworktest.loc.com/
Client IP: 127.0.0.1
Trace:
Cake\Error\BaseErrorHandler::handleError() - CORE\src\Error\BaseErrorHandler.php, line 153
header - [internal], line ??
Cake\Http\ResponseEmitter::emitHeaders() - CORE\src\Http\ResponseEmitter.php, line 181
Cake\Http\ResponseEmitter::emit() - CORE\src\Http\ResponseEmitter.php, line 55
Cake\Http\Server::emit() - CORE\src\Http\Server.php, line 105
[main] - ROOT\webroot\index.php, line 37



2017-08-10 15:07:12 Warning: Warning (4096): Argument 1 passed to App\Controller\TestController::test() must be an instance of App\Controller\Request, none given, called in D:\Web\Stanley\UpworkTest\vendor\cakephp\cakephp\src\Controller\Controller.php on line 440 and defined in [D:\Web\Stanley\UpworkTest\src\Controller\TestController.php, line 42]
Request URL: /test/1234
Referer URL: http://upworktest.loc.com/
Client IP: 127.0.0.1
Trace:
Cake\Error\BaseErrorHandler::handleError() - CORE\src\Error\BaseErrorHandler.php, line 153
App\Controller\TestController::test() - APP/Controller\TestController.php, line 42
Cake\Controller\Controller::invokeAction() - CORE\src\Controller\Controller.php, line 440
Cake\Http\ActionDispatcher::_invoke() - CORE\src\Http\ActionDispatcher.php, line 119
Cake\Http\ActionDispatcher::dispatch() - CORE\src\Http\ActionDispatcher.php, line 93
Cake\Http\BaseApplication::__invoke() - CORE\src\Http\BaseApplication.php, line 78
Cake\Http\Runner::__invoke() - CORE\src\Http\Runner.php, line 65
Cake\Routing\Middleware\RoutingMiddleware::__invoke() - CORE\src\Routing\Middleware\RoutingMiddleware.php, line 59
Cake\Http\Runner::__invoke() - CORE\src\Http\Runner.php, line 65
Cake\Routing\Middleware\AssetMiddleware::__invoke() - CORE\src\Routing\Middleware\AssetMiddleware.php, line 88
Cake\Http\Runner::__invoke() - CORE\src\Http\Runner.php, line 65
Cake\Error\Middleware\ErrorHandlerMiddleware::__invoke() - CORE\src\Error\Middleware\ErrorHandlerMiddleware.php, line 92
Cake\Http\Runner::__invoke() - CORE\src\Http\Runner.php, line 65
DebugKit\Middleware\DebugKitMiddleware::__invoke() - ROOT\vendor\cakephp\debug_kit\src\Middleware\DebugKitMiddleware.php, line 52
Cake\Http\Runner::__invoke() - CORE\src\Http\Runner.php, line 65
Cake\Http\Runner::run() - CORE\src\Http\Runner.php, line 51
Cake\Http\Server::run() - CORE\src\Http\Server.php, line 80
[main] - ROOT\webroot\index.php, line 37



2017-08-10 15:07:12 Warning: Warning (2): Missing argument 2 for App\Controller\TestController::test(), called in D:\Web\Stanley\UpworkTest\vendor\cakephp\cakephp\src\Controller\Controller.php on line 440 and defined in [D:\Web\Stanley\UpworkTest\src\Controller\TestController.php, line 42]
Request URL: /test/1234
Referer URL: http://upworktest.loc.com/
Client IP: 127.0.0.1
Trace:
Cake\Error\BaseErrorHandler::handleError() - CORE\src\Error\BaseErrorHandler.php, line 153
App\Controller\TestController::test() - APP/Controller\TestController.php, line 42
Cake\Controller\Controller::invokeAction() - CORE\src\Controller\Controller.php, line 440
Cake\Http\ActionDispatcher::_invoke() - CORE\src\Http\ActionDispatcher.php, line 119
Cake\Http\ActionDispatcher::dispatch() - CORE\src\Http\ActionDispatcher.php, line 93
Cake\Http\BaseApplication::__invoke() - CORE\src\Http\BaseApplication.php, line 78
Cake\Http\Runner::__invoke() - CORE\src\Http\Runner.php, line 65
Cake\Routing\Middleware\RoutingMiddleware::__invoke() - CORE\src\Routing\Middleware\RoutingMiddleware.php, line 59
Cake\Http\Runner::__invoke() - CORE\src\Http\Runner.php, line 65
Cake\Routing\Middleware\AssetMiddleware::__invoke() - CORE\src\Routing\Middleware\AssetMiddleware.php, line 88
Cake\Http\Runner::__invoke() - CORE\src\Http\Runner.php, line 65
Cake\Error\Middleware\ErrorHandlerMiddleware::__invoke() - CORE\src\Error\Middleware\ErrorHandlerMiddleware.php, line 92
Cake\Http\Runner::__invoke() - CORE\src\Http\Runner.php, line 65
DebugKit\Middleware\DebugKitMiddleware::__invoke() - ROOT\vendor\cakephp\debug_kit\src\Middleware\DebugKitMiddleware.php, line 52
Cake\Http\Runner::__invoke() - CORE\src\Http\Runner.php, line 65
Cake\Http\Runner::run() - CORE\src\Http\Runner.php, line 51
Cake\Http\Server::run() - CORE\src\Http\Server.php, line 80
[main] - ROOT\webroot\index.php, line 37



2017-08-10 15:07:12 Error: [Cake\View\Exception\MissingTemplateException] Template file "Test\test.ctp" is missing.
Exception Attributes: array (
  'file' => 'Test\\test.ctp',
)
Request URL: /test/1234
Referer URL: http://upworktest.loc.com/
Stack Trace:
#0 D:\Web\Stanley\UpworkTest\vendor\cakephp\cakephp\src\View\View.php(606): Cake\View\View->_getViewFileName(NULL)
#1 D:\Web\Stanley\UpworkTest\vendor\cakephp\cakephp\src\Controller\Controller.php(623): Cake\View\View->render(NULL, NULL)
#2 D:\Web\Stanley\UpworkTest\vendor\cakephp\cakephp\src\Http\ActionDispatcher.php(125): Cake\Controller\Controller->render()
#3 D:\Web\Stanley\UpworkTest\vendor\cakephp\cakephp\src\Http\ActionDispatcher.php(93): Cake\Http\ActionDispatcher->_invoke(Object(App\Controller\TestController))
#4 D:\Web\Stanley\UpworkTest\vendor\cakephp\cakephp\src\Http\BaseApplication.php(78): Cake\Http\ActionDispatcher->dispatch(Object(Cake\Http\ServerRequest), Object(Cake\Http\Response))
#5 D:\Web\Stanley\UpworkTest\vendor\cakephp\cakephp\src\Http\Runner.php(65): Cake\Http\BaseApplication->__invoke(Object(Cake\Http\ServerRequest), Object(Cake\Http\Response), Object(Cake\Http\Runner))
#6 D:\Web\Stanley\UpworkTest\vendor\cakephp\cakephp\src\Routing\Middleware\RoutingMiddleware.php(59): Cake\Http\Runner->__invoke(Object(Cake\Http\ServerRequest), Object(Cake\Http\Response))
#7 D:\Web\Stanley\UpworkTest\vendor\cakephp\cakephp\src\Http\Runner.php(65): Cake\Routing\Middleware\RoutingMiddleware->__invoke(Object(Cake\Http\ServerRequest), Object(Cake\Http\Response), Object(Cake\Http\Runner))
#8 D:\Web\Stanley\UpworkTest\vendor\cakephp\cakephp\src\Routing\Middleware\AssetMiddleware.php(88): Cake\Http\Runner->__invoke(Object(Cake\Http\ServerRequest), Object(Cake\Http\Response))
#9 D:\Web\Stanley\UpworkTest\vendor\cakephp\cakephp\src\Http\Runner.php(65): Cake\Routing\Middleware\AssetMiddleware->__invoke(Object(Cake\Http\ServerRequest), Object(Cake\Http\Response), Object(Cake\Http\Runner))
#10 D:\Web\Stanley\UpworkTest\vendor\cakephp\cakephp\src\Error\Middleware\ErrorHandlerMiddleware.php(92): Cake\Http\Runner->__invoke(Object(Cake\Http\ServerRequest), Object(Cake\Http\Response))
#11 D:\Web\Stanley\UpworkTest\vendor\cakephp\cakephp\src\Http\Runner.php(65): Cake\Error\Middleware\ErrorHandlerMiddleware->__invoke(Object(Cake\Http\ServerRequest), Object(Cake\Http\Response), Object(Cake\Http\Runner))
#12 D:\Web\Stanley\UpworkTest\vendor\cakephp\debug_kit\src\Middleware\DebugKitMiddleware.php(52): Cake\Http\Runner->__invoke(Object(Cake\Http\ServerRequest), Object(Cake\Http\Response))
#13 D:\Web\Stanley\UpworkTest\vendor\cakephp\cakephp\src\Http\Runner.php(65): DebugKit\Middleware\DebugKitMiddleware->__invoke(Object(Cake\Http\ServerRequest), Object(Cake\Http\Response), Object(Cake\Http\Runner))
#14 D:\Web\Stanley\UpworkTest\vendor\cakephp\cakephp\src\Http\Runner.php(51): Cake\Http\Runner->__invoke(Object(Cake\Http\ServerRequest), Object(Cake\Http\Response))
#15 D:\Web\Stanley\UpworkTest\vendor\cakephp\cakephp\src\Http\Server.php(80): Cake\Http\Runner->run(Object(Cake\Http\MiddlewareQueue), Object(Cake\Http\ServerRequest), Object(Cake\Http\Response))
#16 D:\Web\Stanley\UpworkTest\webroot\index.php(37): Cake\Http\Server->run()
#17 {main}


2017-08-10 15:07:15 Warning: Warning (512): Unable to emit headers. Headers sent in file=D:\Web\Stanley\UpworkTest\vendor\cakephp\cakephp\src\Error\Debugger.php line=822 in [D:\Web\Stanley\UpworkTest\vendor\cakephp\cakephp\src\Http\ResponseEmitter.php, line 48]
Request URL: /test/1234
Referer URL: http://upworktest.loc.com/
Client IP: 127.0.0.1
Trace:
Cake\Error\BaseErrorHandler::handleError() - CORE\src\Error\BaseErrorHandler.php, line 153
Cake\Http\ResponseEmitter::emit() - CORE\src\Http\ResponseEmitter.php, line 48
Cake\Http\Server::emit() - CORE\src\Http\Server.php, line 105
[main] - ROOT\webroot\index.php, line 37



2017-08-10 15:07:15 Warning: Warning (2): Cannot modify header information - headers already sent by (output started at D:\Web\Stanley\UpworkTest\vendor\cakephp\cakephp\src\Error\Debugger.php:822) in [D:\Web\Stanley\UpworkTest\vendor\cakephp\cakephp\src\Http\ResponseEmitter.php, line 149]
Request URL: /test/1234
Referer URL: http://upworktest.loc.com/
Client IP: 127.0.0.1
Trace:
Cake\Error\BaseErrorHandler::handleError() - CORE\src\Error\BaseErrorHandler.php, line 153
header - [internal], line ??
Cake\Http\ResponseEmitter::emitStatusLine() - CORE\src\Http\ResponseEmitter.php, line 149
Cake\Http\ResponseEmitter::emit() - CORE\src\Http\ResponseEmitter.php, line 54
Cake\Http\Server::emit() - CORE\src\Http\Server.php, line 105
[main] - ROOT\webroot\index.php, line 37



2017-08-10 15:07:15 Warning: Warning (2): Cannot modify header information - headers already sent by (output started at D:\Web\Stanley\UpworkTest\vendor\cakephp\cakephp\src\Error\Debugger.php:822) in [D:\Web\Stanley\UpworkTest\vendor\cakephp\cakephp\src\Http\ResponseEmitter.php, line 181]
Request URL: /test/1234
Referer URL: http://upworktest.loc.com/
Client IP: 127.0.0.1
Trace:
Cake\Error\BaseErrorHandler::handleError() - CORE\src\Error\BaseErrorHandler.php, line 153
header - [internal], line ??
Cake\Http\ResponseEmitter::emitHeaders() - CORE\src\Http\ResponseEmitter.php, line 181
Cake\Http\ResponseEmitter::emit() - CORE\src\Http\ResponseEmitter.php, line 55
Cake\Http\Server::emit() - CORE\src\Http\Server.php, line 105
[main] - ROOT\webroot\index.php, line 37



2017-08-10 15:07:15 Warning: Warning (2): Cannot modify header information - headers already sent by (output started at D:\Web\Stanley\UpworkTest\vendor\cakephp\cakephp\src\Error\Debugger.php:822) in [D:\Web\Stanley\UpworkTest\vendor\cakephp\cakephp\src\Http\ResponseEmitter.php, line 181]
Request URL: /test/1234
Referer URL: http://upworktest.loc.com/
Client IP: 127.0.0.1
Trace:
Cake\Error\BaseErrorHandler::handleError() - CORE\src\Error\BaseErrorHandler.php, line 153
header - [internal], line ??
Cake\Http\ResponseEmitter::emitHeaders() - CORE\src\Http\ResponseEmitter.php, line 181
Cake\Http\ResponseEmitter::emit() - CORE\src\Http\ResponseEmitter.php, line 55
Cake\Http\Server::emit() - CORE\src\Http\Server.php, line 105
[main] - ROOT\webroot\index.php, line 37



2017-08-10 15:10:26 Warning: Warning (2): Missing argument 1 for App\Controller\TestController::test(), called in D:\Web\Stanley\UpworkTest\vendor\cakephp\cakephp\src\Controller\Controller.php on line 440 and defined in [D:\Web\Stanley\UpworkTest\src\Controller\TestController.php, line 42]
Request URL: /test/1234
Referer URL: http://upworktest.loc.com/
Client IP: 127.0.0.1
Trace:
Cake\Error\BaseErrorHandler::handleError() - CORE\src\Error\BaseErrorHandler.php, line 153
App\Controller\TestController::test() - APP/Controller\TestController.php, line 42
Cake\Controller\Controller::invokeAction() - CORE\src\Controller\Controller.php, line 440
Cake\Http\ActionDispatcher::_invoke() - CORE\src\Http\ActionDispatcher.php, line 119
Cake\Http\ActionDispatcher::dispatch() - CORE\src\Http\ActionDispatcher.php, line 93
Cake\Http\BaseApplication::__invoke() - CORE\src\Http\BaseApplication.php, line 78
Cake\Http\Runner::__invoke() - CORE\src\Http\Runner.php, line 65
Cake\Routing\Middleware\RoutingMiddleware::__invoke() - CORE\src\Routing\Middleware\RoutingMiddleware.php, line 59
Cake\Http\Runner::__invoke() - CORE\src\Http\Runner.php, line 65
Cake\Routing\Middleware\AssetMiddleware::__invoke() - CORE\src\Routing\Middleware\AssetMiddleware.php, line 88
Cake\Http\Runner::__invoke() - CORE\src\Http\Runner.php, line 65
Cake\Error\Middleware\ErrorHandlerMiddleware::__invoke() - CORE\src\Error\Middleware\ErrorHandlerMiddleware.php, line 92
Cake\Http\Runner::__invoke() - CORE\src\Http\Runner.php, line 65
DebugKit\Middleware\DebugKitMiddleware::__invoke() - ROOT\vendor\cakephp\debug_kit\src\Middleware\DebugKitMiddleware.php, line 52
Cake\Http\Runner::__invoke() - CORE\src\Http\Runner.php, line 65
Cake\Http\Runner::run() - CORE\src\Http\Runner.php, line 51
Cake\Http\Server::run() - CORE\src\Http\Server.php, line 80
[main] - ROOT\webroot\index.php, line 37



2017-08-10 15:10:26 Error: [Cake\View\Exception\MissingTemplateException] Template file "Test\test.ctp" is missing.
Exception Attributes: array (
  'file' => 'Test\\test.ctp',
)
Request URL: /test/1234
Referer URL: http://upworktest.loc.com/
Stack Trace:
#0 D:\Web\Stanley\UpworkTest\vendor\cakephp\cakephp\src\View\View.php(606): Cake\View\View->_getViewFileName(NULL)
#1 D:\Web\Stanley\UpworkTest\vendor\cakephp\cakephp\src\Controller\Controller.php(623): Cake\View\View->render(NULL, NULL)
#2 D:\Web\Stanley\UpworkTest\vendor\cakephp\cakephp\src\Http\ActionDispatcher.php(125): Cake\Controller\Controller->render()
#3 D:\Web\Stanley\UpworkTest\vendor\cakephp\cakephp\src\Http\ActionDispatcher.php(93): Cake\Http\ActionDispatcher->_invoke(Object(App\Controller\TestController))
#4 D:\Web\Stanley\UpworkTest\vendor\cakephp\cakephp\src\Http\BaseApplication.php(78): Cake\Http\ActionDispatcher->dispatch(Object(Cake\Http\ServerRequest), Object(Cake\Http\Response))
#5 D:\Web\Stanley\UpworkTest\vendor\cakephp\cakephp\src\Http\Runner.php(65): Cake\Http\BaseApplication->__invoke(Object(Cake\Http\ServerRequest), Object(Cake\Http\Response), Object(Cake\Http\Runner))
#6 D:\Web\Stanley\UpworkTest\vendor\cakephp\cakephp\src\Routing\Middleware\RoutingMiddleware.php(59): Cake\Http\Runner->__invoke(Object(Cake\Http\ServerRequest), Object(Cake\Http\Response))
#7 D:\Web\Stanley\UpworkTest\vendor\cakephp\cakephp\src\Http\Runner.php(65): Cake\Routing\Middleware\RoutingMiddleware->__invoke(Object(Cake\Http\ServerRequest), Object(Cake\Http\Response), Object(Cake\Http\Runner))
#8 D:\Web\Stanley\UpworkTest\vendor\cakephp\cakephp\src\Routing\Middleware\AssetMiddleware.php(88): Cake\Http\Runner->__invoke(Object(Cake\Http\ServerRequest), Object(Cake\Http\Response))
#9 D:\Web\Stanley\UpworkTest\vendor\cakephp\cakephp\src\Http\Runner.php(65): Cake\Routing\Middleware\AssetMiddleware->__invoke(Object(Cake\Http\ServerRequest), Object(Cake\Http\Response), Object(Cake\Http\Runner))
#10 D:\Web\Stanley\UpworkTest\vendor\cakephp\cakephp\src\Error\Middleware\ErrorHandlerMiddleware.php(92): Cake\Http\Runner->__invoke(Object(Cake\Http\ServerRequest), Object(Cake\Http\Response))
#11 D:\Web\Stanley\UpworkTest\vendor\cakephp\cakephp\src\Http\Runner.php(65): Cake\Error\Middleware\ErrorHandlerMiddleware->__invoke(Object(Cake\Http\ServerRequest), Object(Cake\Http\Response), Object(Cake\Http\Runner))
#12 D:\Web\Stanley\UpworkTest\vendor\cakephp\debug_kit\src\Middleware\DebugKitMiddleware.php(52): Cake\Http\Runner->__invoke(Object(Cake\Http\ServerRequest), Object(Cake\Http\Response))
#13 D:\Web\Stanley\UpworkTest\vendor\cakephp\cakephp\src\Http\Runner.php(65): DebugKit\Middleware\DebugKitMiddleware->__invoke(Object(Cake\Http\ServerRequest), Object(Cake\Http\Response), Object(Cake\Http\Runner))
#14 D:\Web\Stanley\UpworkTest\vendor\cakephp\cakephp\src\Http\Runner.php(51): Cake\Http\Runner->__invoke(Object(Cake\Http\ServerRequest), Object(Cake\Http\Response))
#15 D:\Web\Stanley\UpworkTest\vendor\cakephp\cakephp\src\Http\Server.php(80): Cake\Http\Runner->run(Object(Cake\Http\MiddlewareQueue), Object(Cake\Http\ServerRequest), Object(Cake\Http\Response))
#16 D:\Web\Stanley\UpworkTest\webroot\index.php(37): Cake\Http\Server->run()
#17 {main}


2017-08-10 15:10:26 Warning: Warning (512): Unable to emit headers. Headers sent in file=D:\Web\Stanley\UpworkTest\vendor\cakephp\cakephp\src\Error\Debugger.php line=822 in [D:\Web\Stanley\UpworkTest\vendor\cakephp\cakephp\src\Http\ResponseEmitter.php, line 48]
Request URL: /test/1234
Referer URL: http://upworktest.loc.com/
Client IP: 127.0.0.1
Trace:
Cake\Error\BaseErrorHandler::handleError() - CORE\src\Error\BaseErrorHandler.php, line 153
Cake\Http\ResponseEmitter::emit() - CORE\src\Http\ResponseEmitter.php, line 48
Cake\Http\Server::emit() - CORE\src\Http\Server.php, line 105
[main] - ROOT\webroot\index.php, line 37



2017-08-10 15:10:26 Warning: Warning (2): Cannot modify header information - headers already sent by (output started at D:\Web\Stanley\UpworkTest\vendor\cakephp\cakephp\src\Error\Debugger.php:822) in [D:\Web\Stanley\UpworkTest\vendor\cakephp\cakephp\src\Http\ResponseEmitter.php, line 149]
Request URL: /test/1234
Referer URL: http://upworktest.loc.com/
Client IP: 127.0.0.1
Trace:
Cake\Error\BaseErrorHandler::handleError() - CORE\src\Error\BaseErrorHandler.php, line 153
header - [internal], line ??
Cake\Http\ResponseEmitter::emitStatusLine() - CORE\src\Http\ResponseEmitter.php, line 149
Cake\Http\ResponseEmitter::emit() - CORE\src\Http\ResponseEmitter.php, line 54
Cake\Http\Server::emit() - CORE\src\Http\Server.php, line 105
[main] - ROOT\webroot\index.php, line 37



2017-08-10 15:10:26 Warning: Warning (2): Cannot modify header information - headers already sent by (output started at D:\Web\Stanley\UpworkTest\vendor\cakephp\cakephp\src\Error\Debugger.php:822) in [D:\Web\Stanley\UpworkTest\vendor\cakephp\cakephp\src\Http\ResponseEmitter.php, line 181]
Request URL: /test/1234
Referer URL: http://upworktest.loc.com/
Client IP: 127.0.0.1
Trace:
Cake\Error\BaseErrorHandler::handleError() - CORE\src\Error\BaseErrorHandler.php, line 153
header - [internal], line ??
Cake\Http\ResponseEmitter::emitHeaders() - CORE\src\Http\ResponseEmitter.php, line 181
Cake\Http\ResponseEmitter::emit() - CORE\src\Http\ResponseEmitter.php, line 55
Cake\Http\Server::emit() - CORE\src\Http\Server.php, line 105
[main] - ROOT\webroot\index.php, line 37



2017-08-10 15:10:26 Warning: Warning (2): Cannot modify header information - headers already sent by (output started at D:\Web\Stanley\UpworkTest\vendor\cakephp\cakephp\src\Error\Debugger.php:822) in [D:\Web\Stanley\UpworkTest\vendor\cakephp\cakephp\src\Http\ResponseEmitter.php, line 181]
Request URL: /test/1234
Referer URL: http://upworktest.loc.com/
Client IP: 127.0.0.1
Trace:
Cake\Error\BaseErrorHandler::handleError() - CORE\src\Error\BaseErrorHandler.php, line 153
header - [internal], line ??
Cake\Http\ResponseEmitter::emitHeaders() - CORE\src\Http\ResponseEmitter.php, line 181
Cake\Http\ResponseEmitter::emit() - CORE\src\Http\ResponseEmitter.php, line 55
Cake\Http\Server::emit() - CORE\src\Http\Server.php, line 105
[main] - ROOT\webroot\index.php, line 37



2017-08-10 15:13:42 Warning: Warning (2): Missing argument 1 for App\Controller\TestController::test(), called in D:\Web\Stanley\UpworkTest\vendor\cakephp\cakephp\src\Controller\Controller.php on line 440 and defined in [D:\Web\Stanley\UpworkTest\src\Controller\TestController.php, line 42]
Request URL: /test/1234
Referer URL: http://upworktest.loc.com/
Client IP: 127.0.0.1
Trace:
Cake\Error\BaseErrorHandler::handleError() - CORE\src\Error\BaseErrorHandler.php, line 153
App\Controller\TestController::test() - APP/Controller\TestController.php, line 42
Cake\Controller\Controller::invokeAction() - CORE\src\Controller\Controller.php, line 440
Cake\Http\ActionDispatcher::_invoke() - CORE\src\Http\ActionDispatcher.php, line 119
Cake\Http\ActionDispatcher::dispatch() - CORE\src\Http\ActionDispatcher.php, line 93
Cake\Http\BaseApplication::__invoke() - CORE\src\Http\BaseApplication.php, line 78
Cake\Http\Runner::__invoke() - CORE\src\Http\Runner.php, line 65
Cake\Routing\Middleware\RoutingMiddleware::__invoke() - CORE\src\Routing\Middleware\RoutingMiddleware.php, line 59
Cake\Http\Runner::__invoke() - CORE\src\Http\Runner.php, line 65
Cake\Routing\Middleware\AssetMiddleware::__invoke() - CORE\src\Routing\Middleware\AssetMiddleware.php, line 88
Cake\Http\Runner::__invoke() - CORE\src\Http\Runner.php, line 65
Cake\Error\Middleware\ErrorHandlerMiddleware::__invoke() - CORE\src\Error\Middleware\ErrorHandlerMiddleware.php, line 92
Cake\Http\Runner::__invoke() - CORE\src\Http\Runner.php, line 65
DebugKit\Middleware\DebugKitMiddleware::__invoke() - ROOT\vendor\cakephp\debug_kit\src\Middleware\DebugKitMiddleware.php, line 52
Cake\Http\Runner::__invoke() - CORE\src\Http\Runner.php, line 65
Cake\Http\Runner::run() - CORE\src\Http\Runner.php, line 51
Cake\Http\Server::run() - CORE\src\Http\Server.php, line 80
[main] - ROOT\webroot\index.php, line 37



2017-08-10 15:13:42 Error: [Cake\View\Exception\MissingTemplateException] Template file "Test\test.ctp" is missing.
Exception Attributes: array (
  'file' => 'Test\\test.ctp',
)
Request URL: /test/1234
Referer URL: http://upworktest.loc.com/
Stack Trace:
#0 D:\Web\Stanley\UpworkTest\vendor\cakephp\cakephp\src\View\View.php(606): Cake\View\View->_getViewFileName(NULL)
#1 D:\Web\Stanley\UpworkTest\vendor\cakephp\cakephp\src\Controller\Controller.php(623): Cake\View\View->render(NULL, NULL)
#2 D:\Web\Stanley\UpworkTest\vendor\cakephp\cakephp\src\Http\ActionDispatcher.php(125): Cake\Controller\Controller->render()
#3 D:\Web\Stanley\UpworkTest\vendor\cakephp\cakephp\src\Http\ActionDispatcher.php(93): Cake\Http\ActionDispatcher->_invoke(Object(App\Controller\TestController))
#4 D:\Web\Stanley\UpworkTest\vendor\cakephp\cakephp\src\Http\BaseApplication.php(78): Cake\Http\ActionDispatcher->dispatch(Object(Cake\Http\ServerRequest), Object(Cake\Http\Response))
#5 D:\Web\Stanley\UpworkTest\vendor\cakephp\cakephp\src\Http\Runner.php(65): Cake\Http\BaseApplication->__invoke(Object(Cake\Http\ServerRequest), Object(Cake\Http\Response), Object(Cake\Http\Runner))
#6 D:\Web\Stanley\UpworkTest\vendor\cakephp\cakephp\src\Routing\Middleware\RoutingMiddleware.php(59): Cake\Http\Runner->__invoke(Object(Cake\Http\ServerRequest), Object(Cake\Http\Response))
#7 D:\Web\Stanley\UpworkTest\vendor\cakephp\cakephp\src\Http\Runner.php(65): Cake\Routing\Middleware\RoutingMiddleware->__invoke(Object(Cake\Http\ServerRequest), Object(Cake\Http\Response), Object(Cake\Http\Runner))
#8 D:\Web\Stanley\UpworkTest\vendor\cakephp\cakephp\src\Routing\Middleware\AssetMiddleware.php(88): Cake\Http\Runner->__invoke(Object(Cake\Http\ServerRequest), Object(Cake\Http\Response))
#9 D:\Web\Stanley\UpworkTest\vendor\cakephp\cakephp\src\Http\Runner.php(65): Cake\Routing\Middleware\AssetMiddleware->__invoke(Object(Cake\Http\ServerRequest), Object(Cake\Http\Response), Object(Cake\Http\Runner))
#10 D:\Web\Stanley\UpworkTest\vendor\cakephp\cakephp\src\Error\Middleware\ErrorHandlerMiddleware.php(92): Cake\Http\Runner->__invoke(Object(Cake\Http\ServerRequest), Object(Cake\Http\Response))
#11 D:\Web\Stanley\UpworkTest\vendor\cakephp\cakephp\src\Http\Runner.php(65): Cake\Error\Middleware\ErrorHandlerMiddleware->__invoke(Object(Cake\Http\ServerRequest), Object(Cake\Http\Response), Object(Cake\Http\Runner))
#12 D:\Web\Stanley\UpworkTest\vendor\cakephp\debug_kit\src\Middleware\DebugKitMiddleware.php(52): Cake\Http\Runner->__invoke(Object(Cake\Http\ServerRequest), Object(Cake\Http\Response))
#13 D:\Web\Stanley\UpworkTest\vendor\cakephp\cakephp\src\Http\Runner.php(65): DebugKit\Middleware\DebugKitMiddleware->__invoke(Object(Cake\Http\ServerRequest), Object(Cake\Http\Response), Object(Cake\Http\Runner))
#14 D:\Web\Stanley\UpworkTest\vendor\cakephp\cakephp\src\Http\Runner.php(51): Cake\Http\Runner->__invoke(Object(Cake\Http\ServerRequest), Object(Cake\Http\Response))
#15 D:\Web\Stanley\UpworkTest\vendor\cakephp\cakephp\src\Http\Server.php(80): Cake\Http\Runner->run(Object(Cake\Http\MiddlewareQueue), Object(Cake\Http\ServerRequest), Object(Cake\Http\Response))
#16 D:\Web\Stanley\UpworkTest\webroot\index.php(37): Cake\Http\Server->run()
#17 {main}


2017-08-10 15:13:53 Error: [Cake\View\Exception\MissingTemplateException] Template file "Test\test.ctp" is missing.
Exception Attributes: array (
  'file' => 'Test\\test.ctp',
)
Request URL: /test/1234
Referer URL: http://upworktest.loc.com/
Stack Trace:
#0 D:\Web\Stanley\UpworkTest\vendor\cakephp\cakephp\src\View\View.php(606): Cake\View\View->_getViewFileName(NULL)
#1 D:\Web\Stanley\UpworkTest\vendor\cakephp\cakephp\src\Controller\Controller.php(623): Cake\View\View->render(NULL, NULL)
#2 D:\Web\Stanley\UpworkTest\vendor\cakephp\cakephp\src\Http\ActionDispatcher.php(125): Cake\Controller\Controller->render()
#3 D:\Web\Stanley\UpworkTest\vendor\cakephp\cakephp\src\Http\ActionDispatcher.php(93): Cake\Http\ActionDispatcher->_invoke(Object(App\Controller\TestController))
#4 D:\Web\Stanley\UpworkTest\vendor\cakephp\cakephp\src\Http\BaseApplication.php(78): Cake\Http\ActionDispatcher->dispatch(Object(Cake\Http\ServerRequest), Object(Cake\Http\Response))
#5 D:\Web\Stanley\UpworkTest\vendor\cakephp\cakephp\src\Http\Runner.php(65): Cake\Http\BaseApplication->__invoke(Object(Cake\Http\ServerRequest), Object(Cake\Http\Response), Object(Cake\Http\Runner))
#6 D:\Web\Stanley\UpworkTest\vendor\cakephp\cakephp\src\Routing\Middleware\RoutingMiddleware.php(59): Cake\Http\Runner->__invoke(Object(Cake\Http\ServerRequest), Object(Cake\Http\Response))
#7 D:\Web\Stanley\UpworkTest\vendor\cakephp\cakephp\src\Http\Runner.php(65): Cake\Routing\Middleware\RoutingMiddleware->__invoke(Object(Cake\Http\ServerRequest), Object(Cake\Http\Response), Object(Cake\Http\Runner))
#8 D:\Web\Stanley\UpworkTest\vendor\cakephp\cakephp\src\Routing\Middleware\AssetMiddleware.php(88): Cake\Http\Runner->__invoke(Object(Cake\Http\ServerRequest), Object(Cake\Http\Response))
#9 D:\Web\Stanley\UpworkTest\vendor\cakephp\cakephp\src\Http\Runner.php(65): Cake\Routing\Middleware\AssetMiddleware->__invoke(Object(Cake\Http\ServerRequest), Object(Cake\Http\Response), Object(Cake\Http\Runner))
#10 D:\Web\Stanley\UpworkTest\vendor\cakephp\cakephp\src\Error\Middleware\ErrorHandlerMiddleware.php(92): Cake\Http\Runner->__invoke(Object(Cake\Http\ServerRequest), Object(Cake\Http\Response))
#11 D:\Web\Stanley\UpworkTest\vendor\cakephp\cakephp\src\Http\Runner.php(65): Cake\Error\Middleware\ErrorHandlerMiddleware->__invoke(Object(Cake\Http\ServerRequest), Object(Cake\Http\Response), Object(Cake\Http\Runner))
#12 D:\Web\Stanley\UpworkTest\vendor\cakephp\debug_kit\src\Middleware\DebugKitMiddleware.php(52): Cake\Http\Runner->__invoke(Object(Cake\Http\ServerRequest), Object(Cake\Http\Response))
#13 D:\Web\Stanley\UpworkTest\vendor\cakephp\cakephp\src\Http\Runner.php(65): DebugKit\Middleware\DebugKitMiddleware->__invoke(Object(Cake\Http\ServerRequest), Object(Cake\Http\Response), Object(Cake\Http\Runner))
#14 D:\Web\Stanley\UpworkTest\vendor\cakephp\cakephp\src\Http\Runner.php(51): Cake\Http\Runner->__invoke(Object(Cake\Http\ServerRequest), Object(Cake\Http\Response))
#15 D:\Web\Stanley\UpworkTest\vendor\cakephp\cakephp\src\Http\Server.php(80): Cake\Http\Runner->run(Object(Cake\Http\MiddlewareQueue), Object(Cake\Http\ServerRequest), Object(Cake\Http\Response))
#16 D:\Web\Stanley\UpworkTest\webroot\index.php(37): Cake\Http\Server->run()
#17 {main}


2017-08-10 15:14:21 Error: [Cake\View\Exception\MissingTemplateException] Template file "Test\test.ctp" is missing.
Exception Attributes: array (
  'file' => 'Test\\test.ctp',
)
Request URL: /test/1234
Referer URL: http://upworktest.loc.com/
Stack Trace:
#0 D:\Web\Stanley\UpworkTest\vendor\cakephp\cakephp\src\View\View.php(606): Cake\View\View->_getViewFileName(NULL)
#1 D:\Web\Stanley\UpworkTest\vendor\cakephp\cakephp\src\Controller\Controller.php(623): Cake\View\View->render(NULL, NULL)
#2 D:\Web\Stanley\UpworkTest\vendor\cakephp\cakephp\src\Http\ActionDispatcher.php(125): Cake\Controller\Controller->render()
#3 D:\Web\Stanley\UpworkTest\vendor\cakephp\cakephp\src\Http\ActionDispatcher.php(93): Cake\Http\ActionDispatcher->_invoke(Object(App\Controller\TestController))
#4 D:\Web\Stanley\UpworkTest\vendor\cakephp\cakephp\src\Http\BaseApplication.php(78): Cake\Http\ActionDispatcher->dispatch(Object(Cake\Http\ServerRequest), Object(Cake\Http\Response))
#5 D:\Web\Stanley\UpworkTest\vendor\cakephp\cakephp\src\Http\Runner.php(65): Cake\Http\BaseApplication->__invoke(Object(Cake\Http\ServerRequest), Object(Cake\Http\Response), Object(Cake\Http\Runner))
#6 D:\Web\Stanley\UpworkTest\vendor\cakephp\cakephp\src\Routing\Middleware\RoutingMiddleware.php(59): Cake\Http\Runner->__invoke(Object(Cake\Http\ServerRequest), Object(Cake\Http\Response))
#7 D:\Web\Stanley\UpworkTest\vendor\cakephp\cakephp\src\Http\Runner.php(65): Cake\Routing\Middleware\RoutingMiddleware->__invoke(Object(Cake\Http\ServerRequest), Object(Cake\Http\Response), Object(Cake\Http\Runner))
#8 D:\Web\Stanley\UpworkTest\vendor\cakephp\cakephp\src\Routing\Middleware\AssetMiddleware.php(88): Cake\Http\Runner->__invoke(Object(Cake\Http\ServerRequest), Object(Cake\Http\Response))
#9 D:\Web\Stanley\UpworkTest\vendor\cakephp\cakephp\src\Http\Runner.php(65): Cake\Routing\Middleware\AssetMiddleware->__invoke(Object(Cake\Http\ServerRequest), Object(Cake\Http\Response), Object(Cake\Http\Runner))
#10 D:\Web\Stanley\UpworkTest\vendor\cakephp\cakephp\src\Error\Middleware\ErrorHandlerMiddleware.php(92): Cake\Http\Runner->__invoke(Object(Cake\Http\ServerRequest), Object(Cake\Http\Response))
#11 D:\Web\Stanley\UpworkTest\vendor\cakephp\cakephp\src\Http\Runner.php(65): Cake\Error\Middleware\ErrorHandlerMiddleware->__invoke(Object(Cake\Http\ServerRequest), Object(Cake\Http\Response), Object(Cake\Http\Runner))
#12 D:\Web\Stanley\UpworkTest\vendor\cakephp\debug_kit\src\Middleware\DebugKitMiddleware.php(52): Cake\Http\Runner->__invoke(Object(Cake\Http\ServerRequest), Object(Cake\Http\Response))
#13 D:\Web\Stanley\UpworkTest\vendor\cakephp\cakephp\src\Http\Runner.php(65): DebugKit\Middleware\DebugKitMiddleware->__invoke(Object(Cake\Http\ServerRequest), Object(Cake\Http\Response), Object(Cake\Http\Runner))
#14 D:\Web\Stanley\UpworkTest\vendor\cakephp\cakephp\src\Http\Runner.php(51): Cake\Http\Runner->__invoke(Object(Cake\Http\ServerRequest), Object(Cake\Http\Response))
#15 D:\Web\Stanley\UpworkTest\vendor\cakephp\cakephp\src\Http\Server.php(80): Cake\Http\Runner->run(Object(Cake\Http\MiddlewareQueue), Object(Cake\Http\ServerRequest), Object(Cake\Http\Response))
#16 D:\Web\Stanley\UpworkTest\webroot\index.php(37): Cake\Http\Server->run()
#17 {main}


2017-08-10 15:16:14 Error: [Cake\View\Exception\MissingTemplateException] Template file "Test\test.ctp" is missing.
Exception Attributes: array (
  'file' => 'Test\\test.ctp',
)
Request URL: /test/1234
Referer URL: http://upworktest.loc.com/
Stack Trace:
#0 D:\Web\Stanley\UpworkTest\vendor\cakephp\cakephp\src\View\View.php(606): Cake\View\View->_getViewFileName(NULL)
#1 D:\Web\Stanley\UpworkTest\vendor\cakephp\cakephp\src\Controller\Controller.php(623): Cake\View\View->render(NULL, NULL)
#2 D:\Web\Stanley\UpworkTest\vendor\cakephp\cakephp\src\Http\ActionDispatcher.php(125): Cake\Controller\Controller->render()
#3 D:\Web\Stanley\UpworkTest\vendor\cakephp\cakephp\src\Http\ActionDispatcher.php(93): Cake\Http\ActionDispatcher->_invoke(Object(App\Controller\TestController))
#4 D:\Web\Stanley\UpworkTest\vendor\cakephp\cakephp\src\Http\BaseApplication.php(78): Cake\Http\ActionDispatcher->dispatch(Object(Cake\Http\ServerRequest), Object(Cake\Http\Response))
#5 D:\Web\Stanley\UpworkTest\vendor\cakephp\cakephp\src\Http\Runner.php(65): Cake\Http\BaseApplication->__invoke(Object(Cake\Http\ServerRequest), Object(Cake\Http\Response), Object(Cake\Http\Runner))
#6 D:\Web\Stanley\UpworkTest\vendor\cakephp\cakephp\src\Routing\Middleware\RoutingMiddleware.php(59): Cake\Http\Runner->__invoke(Object(Cake\Http\ServerRequest), Object(Cake\Http\Response))
#7 D:\Web\Stanley\UpworkTest\vendor\cakephp\cakephp\src\Http\Runner.php(65): Cake\Routing\Middleware\RoutingMiddleware->__invoke(Object(Cake\Http\ServerRequest), Object(Cake\Http\Response), Object(Cake\Http\Runner))
#8 D:\Web\Stanley\UpworkTest\vendor\cakephp\cakephp\src\Routing\Middleware\AssetMiddleware.php(88): Cake\Http\Runner->__invoke(Object(Cake\Http\ServerRequest), Object(Cake\Http\Response))
#9 D:\Web\Stanley\UpworkTest\vendor\cakephp\cakephp\src\Http\Runner.php(65): Cake\Routing\Middleware\AssetMiddleware->__invoke(Object(Cake\Http\ServerRequest), Object(Cake\Http\Response), Object(Cake\Http\Runner))
#10 D:\Web\Stanley\UpworkTest\vendor\cakephp\cakephp\src\Error\Middleware\ErrorHandlerMiddleware.php(92): Cake\Http\Runner->__invoke(Object(Cake\Http\ServerRequest), Object(Cake\Http\Response))
#11 D:\Web\Stanley\UpworkTest\vendor\cakephp\cakephp\src\Http\Runner.php(65): Cake\Error\Middleware\ErrorHandlerMiddleware->__invoke(Object(Cake\Http\ServerRequest), Object(Cake\Http\Response), Object(Cake\Http\Runner))
#12 D:\Web\Stanley\UpworkTest\vendor\cakephp\debug_kit\src\Middleware\DebugKitMiddleware.php(52): Cake\Http\Runner->__invoke(Object(Cake\Http\ServerRequest), Object(Cake\Http\Response))
#13 D:\Web\Stanley\UpworkTest\vendor\cakephp\cakephp\src\Http\Runner.php(65): DebugKit\Middleware\DebugKitMiddleware->__invoke(Object(Cake\Http\ServerRequest), Object(Cake\Http\Response), Object(Cake\Http\Runner))
#14 D:\Web\Stanley\UpworkTest\vendor\cakephp\cakephp\src\Http\Runner.php(51): Cake\Http\Runner->__invoke(Object(Cake\Http\ServerRequest), Object(Cake\Http\Response))
#15 D:\Web\Stanley\UpworkTest\vendor\cakephp\cakephp\src\Http\Server.php(80): Cake\Http\Runner->run(Object(Cake\Http\MiddlewareQueue), Object(Cake\Http\ServerRequest), Object(Cake\Http\Response))
#16 D:\Web\Stanley\UpworkTest\webroot\index.php(37): Cake\Http\Server->run()
#17 {main}


2017-08-10 15:16:26 Error: [Cake\View\Exception\MissingTemplateException] Template file "Test\test.ctp" is missing.
Exception Attributes: array (
  'file' => 'Test\\test.ctp',
)
Request URL: /test/1234
Referer URL: http://upworktest.loc.com/
Stack Trace:
#0 D:\Web\Stanley\UpworkTest\vendor\cakephp\cakephp\src\View\View.php(606): Cake\View\View->_getViewFileName(NULL)
#1 D:\Web\Stanley\UpworkTest\vendor\cakephp\cakephp\src\Controller\Controller.php(623): Cake\View\View->render(NULL, NULL)
#2 D:\Web\Stanley\UpworkTest\vendor\cakephp\cakephp\src\Http\ActionDispatcher.php(125): Cake\Controller\Controller->render()
#3 D:\Web\Stanley\UpworkTest\vendor\cakephp\cakephp\src\Http\ActionDispatcher.php(93): Cake\Http\ActionDispatcher->_invoke(Object(App\Controller\TestController))
#4 D:\Web\Stanley\UpworkTest\vendor\cakephp\cakephp\src\Http\BaseApplication.php(78): Cake\Http\ActionDispatcher->dispatch(Object(Cake\Http\ServerRequest), Object(Cake\Http\Response))
#5 D:\Web\Stanley\UpworkTest\vendor\cakephp\cakephp\src\Http\Runner.php(65): Cake\Http\BaseApplication->__invoke(Object(Cake\Http\ServerRequest), Object(Cake\Http\Response), Object(Cake\Http\Runner))
#6 D:\Web\Stanley\UpworkTest\vendor\cakephp\cakephp\src\Routing\Middleware\RoutingMiddleware.php(59): Cake\Http\Runner->__invoke(Object(Cake\Http\ServerRequest), Object(Cake\Http\Response))
#7 D:\Web\Stanley\UpworkTest\vendor\cakephp\cakephp\src\Http\Runner.php(65): Cake\Routing\Middleware\RoutingMiddleware->__invoke(Object(Cake\Http\ServerRequest), Object(Cake\Http\Response), Object(Cake\Http\Runner))
#8 D:\Web\Stanley\UpworkTest\vendor\cakephp\cakephp\src\Routing\Middleware\AssetMiddleware.php(88): Cake\Http\Runner->__invoke(Object(Cake\Http\ServerRequest), Object(Cake\Http\Response))
#9 D:\Web\Stanley\UpworkTest\vendor\cakephp\cakephp\src\Http\Runner.php(65): Cake\Routing\Middleware\AssetMiddleware->__invoke(Object(Cake\Http\ServerRequest), Object(Cake\Http\Response), Object(Cake\Http\Runner))
#10 D:\Web\Stanley\UpworkTest\vendor\cakephp\cakephp\src\Error\Middleware\ErrorHandlerMiddleware.php(92): Cake\Http\Runner->__invoke(Object(Cake\Http\ServerRequest), Object(Cake\Http\Response))
#11 D:\Web\Stanley\UpworkTest\vendor\cakephp\cakephp\src\Http\Runner.php(65): Cake\Error\Middleware\ErrorHandlerMiddleware->__invoke(Object(Cake\Http\ServerRequest), Object(Cake\Http\Response), Object(Cake\Http\Runner))
#12 D:\Web\Stanley\UpworkTest\vendor\cakephp\debug_kit\src\Middleware\DebugKitMiddleware.php(52): Cake\Http\Runner->__invoke(Object(Cake\Http\ServerRequest), Object(Cake\Http\Response))
#13 D:\Web\Stanley\UpworkTest\vendor\cakephp\cakephp\src\Http\Runner.php(65): DebugKit\Middleware\DebugKitMiddleware->__invoke(Object(Cake\Http\ServerRequest), Object(Cake\Http\Response), Object(Cake\Http\Runner))
#14 D:\Web\Stanley\UpworkTest\vendor\cakephp\cakephp\src\Http\Runner.php(51): Cake\Http\Runner->__invoke(Object(Cake\Http\ServerRequest), Object(Cake\Http\Response))
#15 D:\Web\Stanley\UpworkTest\vendor\cakephp\cakephp\src\Http\Server.php(80): Cake\Http\Runner->run(Object(Cake\Http\MiddlewareQueue), Object(Cake\Http\ServerRequest), Object(Cake\Http\Response))
#16 D:\Web\Stanley\UpworkTest\webroot\index.php(37): Cake\Http\Server->run()
#17 {main}


2017-08-10 15:16:37 Error: [Cake\View\Exception\MissingTemplateException] Template file "Test\test.ctp" is missing.
Exception Attributes: array (
  'file' => 'Test\\test.ctp',
)
Request URL: /test/1234
Referer URL: http://upworktest.loc.com/
Stack Trace:
#0 D:\Web\Stanley\UpworkTest\vendor\cakephp\cakephp\src\View\View.php(606): Cake\View\View->_getViewFileName(NULL)
#1 D:\Web\Stanley\UpworkTest\vendor\cakephp\cakephp\src\Controller\Controller.php(623): Cake\View\View->render(NULL, NULL)
#2 D:\Web\Stanley\UpworkTest\vendor\cakephp\cakephp\src\Http\ActionDispatcher.php(125): Cake\Controller\Controller->render()
#3 D:\Web\Stanley\UpworkTest\vendor\cakephp\cakephp\src\Http\ActionDispatcher.php(93): Cake\Http\ActionDispatcher->_invoke(Object(App\Controller\TestController))
#4 D:\Web\Stanley\UpworkTest\vendor\cakephp\cakephp\src\Http\BaseApplication.php(78): Cake\Http\ActionDispatcher->dispatch(Object(Cake\Http\ServerRequest), Object(Cake\Http\Response))
#5 D:\Web\Stanley\UpworkTest\vendor\cakephp\cakephp\src\Http\Runner.php(65): Cake\Http\BaseApplication->__invoke(Object(Cake\Http\ServerRequest), Object(Cake\Http\Response), Object(Cake\Http\Runner))
#6 D:\Web\Stanley\UpworkTest\vendor\cakephp\cakephp\src\Routing\Middleware\RoutingMiddleware.php(59): Cake\Http\Runner->__invoke(Object(Cake\Http\ServerRequest), Object(Cake\Http\Response))
#7 D:\Web\Stanley\UpworkTest\vendor\cakephp\cakephp\src\Http\Runner.php(65): Cake\Routing\Middleware\RoutingMiddleware->__invoke(Object(Cake\Http\ServerRequest), Object(Cake\Http\Response), Object(Cake\Http\Runner))
#8 D:\Web\Stanley\UpworkTest\vendor\cakephp\cakephp\src\Routing\Middleware\AssetMiddleware.php(88): Cake\Http\Runner->__invoke(Object(Cake\Http\ServerRequest), Object(Cake\Http\Response))
#9 D:\Web\Stanley\UpworkTest\vendor\cakephp\cakephp\src\Http\Runner.php(65): Cake\Routing\Middleware\AssetMiddleware->__invoke(Object(Cake\Http\ServerRequest), Object(Cake\Http\Response), Object(Cake\Http\Runner))
#10 D:\Web\Stanley\UpworkTest\vendor\cakephp\cakephp\src\Error\Middleware\ErrorHandlerMiddleware.php(92): Cake\Http\Runner->__invoke(Object(Cake\Http\ServerRequest), Object(Cake\Http\Response))
#11 D:\Web\Stanley\UpworkTest\vendor\cakephp\cakephp\src\Http\Runner.php(65): Cake\Error\Middleware\ErrorHandlerMiddleware->__invoke(Object(Cake\Http\ServerRequest), Object(Cake\Http\Response), Object(Cake\Http\Runner))
#12 D:\Web\Stanley\UpworkTest\vendor\cakephp\debug_kit\src\Middleware\DebugKitMiddleware.php(52): Cake\Http\Runner->__invoke(Object(Cake\Http\ServerRequest), Object(Cake\Http\Response))
#13 D:\Web\Stanley\UpworkTest\vendor\cakephp\cakephp\src\Http\Runner.php(65): DebugKit\Middleware\DebugKitMiddleware->__invoke(Object(Cake\Http\ServerRequest), Object(Cake\Http\Response), Object(Cake\Http\Runner))
#14 D:\Web\Stanley\UpworkTest\vendor\cakephp\cakephp\src\Http\Runner.php(51): Cake\Http\Runner->__invoke(Object(Cake\Http\ServerRequest), Object(Cake\Http\Response))
#15 D:\Web\Stanley\UpworkTest\vendor\cakephp\cakephp\src\Http\Server.php(80): Cake\Http\Runner->run(Object(Cake\Http\MiddlewareQueue), Object(Cake\Http\ServerRequest), Object(Cake\Http\Response))
#16 D:\Web\Stanley\UpworkTest\webroot\index.php(37): Cake\Http\Server->run()
#17 {main}


2017-08-10 15:18:35 Error: [Cake\Routing\Exception\MissingControllerException] Controller class Robots.txt could not be found.
Exception Attributes: array (
  'class' => 'Robots.txt',
  'plugin' => false,
  'prefix' => false,
  '_ext' => false,
)
Request URL: /robots.txt
Stack Trace:
#0 D:\Web\Stanley\UpworkTest\vendor\cakephp\cakephp\src\Http\ControllerFactory.php(65): Cake\Http\ControllerFactory->missingController(Object(Cake\Http\ServerRequest))
#1 D:\Web\Stanley\UpworkTest\vendor\cakephp\cakephp\src\Http\ActionDispatcher.php(90): Cake\Http\ControllerFactory->create(Object(Cake\Http\ServerRequest), Object(Cake\Http\Response))
#2 D:\Web\Stanley\UpworkTest\vendor\cakephp\cakephp\src\Http\BaseApplication.php(78): Cake\Http\ActionDispatcher->dispatch(Object(Cake\Http\ServerRequest), Object(Cake\Http\Response))
#3 D:\Web\Stanley\UpworkTest\vendor\cakephp\cakephp\src\Http\Runner.php(65): Cake\Http\BaseApplication->__invoke(Object(Cake\Http\ServerRequest), Object(Cake\Http\Response), Object(Cake\Http\Runner))
#4 D:\Web\Stanley\UpworkTest\vendor\cakephp\cakephp\src\Routing\Middleware\RoutingMiddleware.php(59): Cake\Http\Runner->__invoke(Object(Cake\Http\ServerRequest), Object(Cake\Http\Response))
#5 D:\Web\Stanley\UpworkTest\vendor\cakephp\cakephp\src\Http\Runner.php(65): Cake\Routing\Middleware\RoutingMiddleware->__invoke(Object(Cake\Http\ServerRequest), Object(Cake\Http\Response), Object(Cake\Http\Runner))
#6 D:\Web\Stanley\UpworkTest\vendor\cakephp\cakephp\src\Routing\Middleware\AssetMiddleware.php(93): Cake\Http\Runner->__invoke(Object(Cake\Http\ServerRequest), Object(Cake\Http\Response))
#7 D:\Web\Stanley\UpworkTest\vendor\cakephp\cakephp\src\Http\Runner.php(65): Cake\Routing\Middleware\AssetMiddleware->__invoke(Object(Cake\Http\ServerRequest), Object(Cake\Http\Response), Object(Cake\Http\Runner))
#8 D:\Web\Stanley\UpworkTest\vendor\cakephp\cakephp\src\Error\Middleware\ErrorHandlerMiddleware.php(92): Cake\Http\Runner->__invoke(Object(Cake\Http\ServerRequest), Object(Cake\Http\Response))
#9 D:\Web\Stanley\UpworkTest\vendor\cakephp\cakephp\src\Http\Runner.php(65): Cake\Error\Middleware\ErrorHandlerMiddleware->__invoke(Object(Cake\Http\ServerRequest), Object(Cake\Http\Response), Object(Cake\Http\Runner))
#10 D:\Web\Stanley\UpworkTest\vendor\cakephp\debug_kit\src\Middleware\DebugKitMiddleware.php(52): Cake\Http\Runner->__invoke(Object(Cake\Http\ServerRequest), Object(Cake\Http\Response))
#11 D:\Web\Stanley\UpworkTest\vendor\cakephp\cakephp\src\Http\Runner.php(65): DebugKit\Middleware\DebugKitMiddleware->__invoke(Object(Cake\Http\ServerRequest), Object(Cake\Http\Response), Object(Cake\Http\Runner))
#12 D:\Web\Stanley\UpworkTest\vendor\cakephp\cakephp\src\Http\Runner.php(51): Cake\Http\Runner->__invoke(Object(Cake\Http\ServerRequest), Object(Cake\Http\Response))
#13 D:\Web\Stanley\UpworkTest\vendor\cakephp\cakephp\src\Http\Server.php(80): Cake\Http\Runner->run(Object(Cake\Http\MiddlewareQueue), Object(Cake\Http\ServerRequest), Object(Cake\Http\Response))
#14 D:\Web\Stanley\UpworkTest\webroot\index.php(37): Cake\Http\Server->run()
#15 {main}


2017-08-10 15:45:11 Error: [Cake\Routing\Exception\MissingControllerException] Controller class Robots.txt could not be found.
Exception Attributes: array (
  'class' => 'Robots.txt',
  'plugin' => false,
  'prefix' => false,
  '_ext' => false,
)
Request URL: /robots.txt
Stack Trace:
#0 D:\Web\Stanley\UpworkTest\vendor\cakephp\cakephp\src\Http\ControllerFactory.php(65): Cake\Http\ControllerFactory->missingController(Object(Cake\Http\ServerRequest))
#1 D:\Web\Stanley\UpworkTest\vendor\cakephp\cakephp\src\Http\ActionDispatcher.php(90): Cake\Http\ControllerFactory->create(Object(Cake\Http\ServerRequest), Object(Cake\Http\Response))
#2 D:\Web\Stanley\UpworkTest\vendor\cakephp\cakephp\src\Http\BaseApplication.php(78): Cake\Http\ActionDispatcher->dispatch(Object(Cake\Http\ServerRequest), Object(Cake\Http\Response))
#3 D:\Web\Stanley\UpworkTest\vendor\cakephp\cakephp\src\Http\Runner.php(65): Cake\Http\BaseApplication->__invoke(Object(Cake\Http\ServerRequest), Object(Cake\Http\Response), Object(Cake\Http\Runner))
#4 D:\Web\Stanley\UpworkTest\vendor\cakephp\cakephp\src\Routing\Middleware\RoutingMiddleware.php(59): Cake\Http\Runner->__invoke(Object(Cake\Http\ServerRequest), Object(Cake\Http\Response))
#5 D:\Web\Stanley\UpworkTest\vendor\cakephp\cakephp\src\Http\Runner.php(65): Cake\Routing\Middleware\RoutingMiddleware->__invoke(Object(Cake\Http\ServerRequest), Object(Cake\Http\Response), Object(Cake\Http\Runner))
#6 D:\Web\Stanley\UpworkTest\vendor\cakephp\cakephp\src\Routing\Middleware\AssetMiddleware.php(93): Cake\Http\Runner->__invoke(Object(Cake\Http\ServerRequest), Object(Cake\Http\Response))
#7 D:\Web\Stanley\UpworkTest\vendor\cakephp\cakephp\src\Http\Runner.php(65): Cake\Routing\Middleware\AssetMiddleware->__invoke(Object(Cake\Http\ServerRequest), Object(Cake\Http\Response), Object(Cake\Http\Runner))
#8 D:\Web\Stanley\UpworkTest\vendor\cakephp\cakephp\src\Error\Middleware\ErrorHandlerMiddleware.php(92): Cake\Http\Runner->__invoke(Object(Cake\Http\ServerRequest), Object(Cake\Http\Response))
#9 D:\Web\Stanley\UpworkTest\vendor\cakephp\cakephp\src\Http\Runner.php(65): Cake\Error\Middleware\ErrorHandlerMiddleware->__invoke(Object(Cake\Http\ServerRequest), Object(Cake\Http\Response), Object(Cake\Http\Runner))
#10 D:\Web\Stanley\UpworkTest\vendor\cakephp\debug_kit\src\Middleware\DebugKitMiddleware.php(52): Cake\Http\Runner->__invoke(Object(Cake\Http\ServerRequest), Object(Cake\Http\Response))
#11 D:\Web\Stanley\UpworkTest\vendor\cakephp\cakephp\src\Http\Runner.php(65): DebugKit\Middleware\DebugKitMiddleware->__invoke(Object(Cake\Http\ServerRequest), Object(Cake\Http\Response), Object(Cake\Http\Runner))
#12 D:\Web\Stanley\UpworkTest\vendor\cakephp\cakephp\src\Http\Runner.php(51): Cake\Http\Runner->__invoke(Object(Cake\Http\ServerRequest), Object(Cake\Http\Response))
#13 D:\Web\Stanley\UpworkTest\vendor\cakephp\cakephp\src\Http\Server.php(80): Cake\Http\Runner->run(Object(Cake\Http\MiddlewareQueue), Object(Cake\Http\ServerRequest), Object(Cake\Http\Response))
#14 D:\Web\Stanley\UpworkTest\webroot\index.php(37): Cake\Http\Server->run()
#15 {main}


2017-08-10 15:45:12 Error: [Cake\Routing\Exception\MissingControllerException] Controller class Robots.txt could not be found.
Exception Attributes: array (
  'class' => 'Robots.txt',
  'plugin' => false,
  'prefix' => false,
  '_ext' => false,
)
Request URL: /robots.txt
Stack Trace:
#0 D:\Web\Stanley\UpworkTest\vendor\cakephp\cakephp\src\Http\ControllerFactory.php(65): Cake\Http\ControllerFactory->missingController(Object(Cake\Http\ServerRequest))
#1 D:\Web\Stanley\UpworkTest\vendor\cakephp\cakephp\src\Http\ActionDispatcher.php(90): Cake\Http\ControllerFactory->create(Object(Cake\Http\ServerRequest), Object(Cake\Http\Response))
#2 D:\Web\Stanley\UpworkTest\vendor\cakephp\cakephp\src\Http\BaseApplication.php(78): Cake\Http\ActionDispatcher->dispatch(Object(Cake\Http\ServerRequest), Object(Cake\Http\Response))
#3 D:\Web\Stanley\UpworkTest\vendor\cakephp\cakephp\src\Http\Runner.php(65): Cake\Http\BaseApplication->__invoke(Object(Cake\Http\ServerRequest), Object(Cake\Http\Response), Object(Cake\Http\Runner))
#4 D:\Web\Stanley\UpworkTest\vendor\cakephp\cakephp\src\Routing\Middleware\RoutingMiddleware.php(59): Cake\Http\Runner->__invoke(Object(Cake\Http\ServerRequest), Object(Cake\Http\Response))
#5 D:\Web\Stanley\UpworkTest\vendor\cakephp\cakephp\src\Http\Runner.php(65): Cake\Routing\Middleware\RoutingMiddleware->__invoke(Object(Cake\Http\ServerRequest), Object(Cake\Http\Response), Object(Cake\Http\Runner))
#6 D:\Web\Stanley\UpworkTest\vendor\cakephp\cakephp\src\Routing\Middleware\AssetMiddleware.php(93): Cake\Http\Runner->__invoke(Object(Cake\Http\ServerRequest), Object(Cake\Http\Response))
#7 D:\Web\Stanley\UpworkTest\vendor\cakephp\cakephp\src\Http\Runner.php(65): Cake\Routing\Middleware\AssetMiddleware->__invoke(Object(Cake\Http\ServerRequest), Object(Cake\Http\Response), Object(Cake\Http\Runner))
#8 D:\Web\Stanley\UpworkTest\vendor\cakephp\cakephp\src\Error\Middleware\ErrorHandlerMiddleware.php(92): Cake\Http\Runner->__invoke(Object(Cake\Http\ServerRequest), Object(Cake\Http\Response))
#9 D:\Web\Stanley\UpworkTest\vendor\cakephp\cakephp\src\Http\Runner.php(65): Cake\Error\Middleware\ErrorHandlerMiddleware->__invoke(Object(Cake\Http\ServerRequest), Object(Cake\Http\Response), Object(Cake\Http\Runner))
#10 D:\Web\Stanley\UpworkTest\vendor\cakephp\debug_kit\src\Middleware\DebugKitMiddleware.php(52): Cake\Http\Runner->__invoke(Object(Cake\Http\ServerRequest), Object(Cake\Http\Response))
#11 D:\Web\Stanley\UpworkTest\vendor\cakephp\cakephp\src\Http\Runner.php(65): DebugKit\Middleware\DebugKitMiddleware->__invoke(Object(Cake\Http\ServerRequest), Object(Cake\Http\Response), Object(Cake\Http\Runner))
#12 D:\Web\Stanley\UpworkTest\vendor\cakephp\cakephp\src\Http\Runner.php(51): Cake\Http\Runner->__invoke(Object(Cake\Http\ServerRequest), Object(Cake\Http\Response))
#13 D:\Web\Stanley\UpworkTest\vendor\cakephp\cakephp\src\Http\Server.php(80): Cake\Http\Runner->run(Object(Cake\Http\MiddlewareQueue), Object(Cake\Http\ServerRequest), Object(Cake\Http\Response))
#14 D:\Web\Stanley\UpworkTest\webroot\index.php(37): Cake\Http\Server->run()
#15 {main}


